-encoding
UTF-8
-outxml
-source
1.6
-target
1.6
-classpath
/home/ariel/.m2/repository/ant-contrib/ant-contrib/1.0b3/ant-contrib-1.0b3.jar:/home/ariel/.m2/repository/aopalliance/aopalliance/1.0/aopalliance-1.0.jar:/home/ariel/.m2/repository/cglib/cglib-nodep/2.2/cglib-nodep-2.2.jar:/home/ariel/.m2/repository/commons-collections/commons-collections/3.2/commons-collections-3.2.jar:/home/ariel/.m2/repository/commons-dbcp/commons-dbcp/1.3/commons-dbcp-1.3.jar:/home/ariel/.m2/repository/commons-lang/commons-lang/2.2/commons-lang-2.2.jar:/home/ariel/.m2/repository/commons-pool/commons-pool/1.5.4/commons-pool-1.5.4.jar:/home/ariel/.m2/repository/javax/servlet/servlet-api/2.5/servlet-api-2.5.jar:/home/ariel/.m2/repository/javax/transaction/jta/1.1/jta-1.1.jar:/home/ariel/.m2/repository/javax/validation/validation-api/1.0.0.GA/validation-api-1.0.0.GA.jar:/home/ariel/.m2/repository/junit/junit/3.8.1/junit-3.8.1.jar:/home/ariel/.m2/repository/log4j/log4j/1.2.16/log4j-1.2.16.jar:/home/ariel/.m2/repository/mysql/mysql-connector-java/5.1.13/mysql-connector-java-5.1.13.jar:/home/ariel/.m2/repository/net/sf/ehcache/ehcache-core/1.7.2/ehcache-core-1.7.2.jar:/home/ariel/.m2/repository/net/sf/flexjson/flexjson/2.1/flexjson-2.1.jar:/home/ariel/.m2/repository/org/aspectj/aspectjrt/1.6.11/aspectjrt-1.6.11.jar:/home/ariel/.m2/repository/org/aspectj/aspectjweaver/1.6.11/aspectjweaver-1.6.11.jar:/home/ariel/.m2/repository/org/dspace/dspace-services-api/2.0.4/dspace-services-api-2.0.4.jar:/home/ariel/.m2/repository/org/dspace/dspace-services-impl/2.0.4/dspace-services-impl-2.0.4.jar:/home/ariel/.m2/repository/org/dspace/dspace-services-utils/2.0.4/dspace-services-utils-2.0.4.jar:/home/ariel/.m2/repository/org/eclipse/persistence/eclipselink/2.2.0/eclipselink-2.2.0.jar:/home/ariel/.m2/repository/org/eclipse/persistence/javax.persistence/2.0.3/javax.persistence-2.0.3.jar:/home/ariel/.m2/repository/org/hibernate/hibernate-validator/4.1.0.Final/hibernate-validator-4.1.0.Final.jar:/home/ariel/.m2/repository/org/slf4j/jcl-over-slf4j/1.5.8/jcl-over-slf4j-1.5.8.jar:/home/ariel/.m2/repository/org/slf4j/slf4j-api/1.5.6/slf4j-api-1.5.6.jar:/home/ariel/.m2/repository/org/slf4j/slf4j-log4j12/1.5.8/slf4j-log4j12-1.5.8.jar:/home/ariel/.m2/repository/org/springframework/spring-aop/3.0.5.RELEASE/spring-aop-3.0.5.RELEASE.jar:/home/ariel/.m2/repository/org/springframework/spring-asm/3.0.5.RELEASE/spring-asm-3.0.5.RELEASE.jar:/home/ariel/.m2/repository/org/springframework/spring-aspects/3.0.5.RELEASE/spring-aspects-3.0.5.RELEASE.jar:/home/ariel/.m2/repository/org/springframework/spring-beans/3.0.5.RELEASE/spring-beans-3.0.5.RELEASE.jar:/home/ariel/.m2/repository/org/springframework/spring-context/3.0.5.RELEASE/spring-context-3.0.5.RELEASE.jar:/home/ariel/.m2/repository/org/springframework/spring-context-support/3.0.5.RELEASE/spring-context-support-3.0.5.RELEASE.jar:/home/ariel/.m2/repository/org/springframework/spring-core/3.0.5.RELEASE/spring-core-3.0.5.RELEASE.jar:/home/ariel/.m2/repository/org/springframework/spring-expression/3.0.5.RELEASE/spring-expression-3.0.5.RELEASE.jar:/home/ariel/.m2/repository/org/springframework/spring-jdbc/3.0.5.RELEASE/spring-jdbc-3.0.5.RELEASE.jar:/home/ariel/.m2/repository/org/springframework/spring-orm/3.0.5.RELEASE/spring-orm-3.0.5.RELEASE.jar:/home/ariel/.m2/repository/org/springframework/spring-test/3.0.5.RELEASE/spring-test-3.0.5.RELEASE.jar:/home/ariel/.m2/repository/org/springframework/spring-tx/3.0.5.RELEASE/spring-tx-3.0.5.RELEASE.jar:/home/ariel/.m2/repository/org/springframework/roo/org.springframework.roo.annotations/1.1.5.RELEASE/org.springframework.roo.annotations-1.1.5.RELEASE.jar:/home/ariel/development/workspace-j2ee-4/dspace-sedici/sedici2003/sedici2003-api/target/classes
-aspectpath
/home/ariel/.m2/repository/org/springframework/spring-aspects/3.0.5.RELEASE/spring-aspects-3.0.5.RELEASE.jar
-d
/home/ariel/development/workspace-j2ee-4/dspace-sedici/sedici2003/sedici2003-api/target/classes
/home/ariel/development/workspace-j2ee-4/dspace-sedici/sedici2003/sedici2003-api/src/main/java/ar/edu/unlp/sedici/sedici2003/model/DublinCore_Roo_Configurable.aj
/home/ariel/development/workspace-j2ee-4/dspace-sedici/sedici2003/sedici2003-api/src/main/java/ar/edu/unlp/sedici/sedici2003/model/IpWebservice.java
/home/ariel/development/workspace-j2ee-4/dspace-sedici/sedici2003/sedici2003-api/src/main/java/ar/edu/unlp/sedici/sedici2003/model/TipoDeParte_Roo_DbManaged.aj
/home/ariel/development/workspace-j2ee-4/dspace-sedici/sedici2003/sedici2003-api/src/main/java/ar/edu/unlp/sedici/sedici2003/model/RelacionMetaTipodoc_Roo_Entity.aj
/home/ariel/development/workspace-j2ee-4/dspace-sedici/sedici2003/sedici2003-api/src/main/java/ar/edu/unlp/sedici/sedici2003/model/DsiRelPaisDoc_Roo_DbManaged.aj
/home/ariel/development/workspace-j2ee-4/dspace-sedici/sedici2003/sedici2003-api/src/main/java/ar/edu/unlp/sedici/sedici2003/model/TipoDeMetadatos_Roo_DbManaged.aj
/home/ariel/development/workspace-j2ee-4/dspace-sedici/sedici2003/sedici2003-api/src/main/java/ar/edu/unlp/sedici/sedici2003/model/IpWebservice_Roo_Configurable.aj
/home/ariel/development/workspace-j2ee-4/dspace-sedici/sedici2003/sedici2003-api/src/main/java/ar/edu/unlp/sedici/sedici2003/model/TipoDeParte_Roo_ToString.aj
/home/ariel/development/workspace-j2ee-4/dspace-sedici/sedici2003/sedici2003-api/src/main/java/ar/edu/unlp/sedici/sedici2003/model/Link_Roo_Configurable.aj
/home/ariel/development/workspace-j2ee-4/dspace-sedici/sedici2003/sedici2003-api/src/main/java/ar/edu/unlp/sedici/sedici2003/model/Metadatos_Roo_Entity.aj
/home/ariel/development/workspace-j2ee-4/dspace-sedici/sedici2003/sedici2003-api/src/main/java/ar/edu/unlp/sedici/sedici2003/model/IpPaises_Roo_Entity.aj
/home/ariel/development/workspace-j2ee-4/dspace-sedici/sedici2003/sedici2003-api/src/main/java/ar/edu/unlp/sedici/sedici2003/model/Dependencias.java
/home/ariel/development/workspace-j2ee-4/dspace-sedici/sedici2003/sedici2003-api/src/main/java/ar/edu/unlp/sedici/sedici2003/model/TipoOperacion_Roo_Configurable.aj
/home/ariel/development/workspace-j2ee-4/dspace-sedici/sedici2003/sedici2003-api/src/main/java/ar/edu/unlp/sedici/sedici2003/model/Unidades.java
/home/ariel/development/workspace-j2ee-4/dspace-sedici/sedici2003/sedici2003-api/src/main/java/ar/edu/unlp/sedici/sedici2003/model/Theme_Roo_Entity.aj
/home/ariel/development/workspace-j2ee-4/dspace-sedici/sedici2003/sedici2003-api/src/main/java/ar/edu/unlp/sedici/sedici2003/model/Partes_Roo_Configurable.aj
/home/ariel/development/workspace-j2ee-4/dspace-sedici/sedici2003/sedici2003-api/src/main/java/ar/edu/unlp/sedici/sedici2003/model/JerarquiasRelacionesPK_Roo_Configurable.aj
/home/ariel/development/workspace-j2ee-4/dspace-sedici/sedici2003/sedici2003-api/src/main/java/ar/edu/unlp/sedici/sedici2003/model/CarpetasDocumentos_Roo_Configurable.aj
/home/ariel/development/workspace-j2ee-4/dspace-sedici/sedici2003/sedici2003-api/src/main/java/ar/edu/unlp/sedici/sedici2003/model/IpOai_Roo_Configurable.aj
/home/ariel/development/workspace-j2ee-4/dspace-sedici/sedici2003/sedici2003-api/src/main/java/ar/edu/unlp/sedici/sedici2003/model/DublinCoreLink.java
/home/ariel/development/workspace-j2ee-4/dspace-sedici/sedici2003/sedici2003-api/src/main/java/ar/edu/unlp/sedici/sedici2003/model/PlantillaCorreo_Roo_Configurable.aj
/home/ariel/development/workspace-j2ee-4/dspace-sedici/sedici2003/sedici2003-api/src/main/java/ar/edu/unlp/sedici/sedici2003/model/IpPaisesPK_Roo_Identifier.aj
/home/ariel/development/workspace-j2ee-4/dspace-sedici/sedici2003/sedici2003-api/src/main/java/ar/edu/unlp/sedici/sedici2003/model/Pendientes_Roo_Entity.aj
/home/ariel/development/workspace-j2ee-4/dspace-sedici/sedici2003/sedici2003-api/src/main/java/ar/edu/unlp/sedici/sedici2003/model/JerarquiasCateg_Roo_Configurable.aj
/home/ariel/development/workspace-j2ee-4/dspace-sedici/sedici2003/sedici2003-api/src/main/java/ar/edu/unlp/sedici/sedici2003/model/Personas_Roo_Configurable.aj
/home/ariel/development/workspace-j2ee-4/dspace-sedici/sedici2003/sedici2003-api/src/main/java/ar/edu/unlp/sedici/sedici2003/model/DsiPeriodo.java
/home/ariel/development/workspace-j2ee-4/dspace-sedici/sedici2003/sedici2003-api/src/main/java/ar/edu/unlp/sedici/sedici2003/model/IpPaisesPK.java
/home/ariel/development/workspace-j2ee-4/dspace-sedici/sedici2003/sedici2003-api/src/main/java/ar/edu/unlp/sedici/sedici2003/model/Sequence_Roo_Configurable.aj
/home/ariel/development/workspace-j2ee-4/dspace-sedici/sedici2003/sedici2003-api/src/main/java/ar/edu/unlp/sedici/sedici2003/model/DsiRelPaisDoc_Roo_ToString.aj
/home/ariel/development/workspace-j2ee-4/dspace-sedici/sedici2003/sedici2003-api/src/main/java/ar/edu/unlp/sedici/sedici2003/model/JerarquiasCateg.java
/home/ariel/development/workspace-j2ee-4/dspace-sedici/sedici2003/sedici2003-api/src/main/java/ar/edu/unlp/sedici/sedici2003/model/TipoDeMetadatos_Roo_Configurable.aj
/home/ariel/development/workspace-j2ee-4/dspace-sedici/sedici2003/sedici2003-api/src/main/java/ar/edu/unlp/sedici/sedici2003/model/Unidades_Roo_Configurable.aj
/home/ariel/development/workspace-j2ee-4/dspace-sedici/sedici2003/sedici2003-api/src/main/java/ar/edu/unlp/sedici/sedici2003/model/Partes_Roo_ToString.aj
/home/ariel/development/workspace-j2ee-4/dspace-sedici/sedici2003/sedici2003-api/src/main/java/ar/edu/unlp/sedici/sedici2003/model/Instituciones_Roo_Entity.aj
/home/ariel/development/workspace-j2ee-4/dspace-sedici/sedici2003/sedici2003-api/src/main/java/ar/edu/unlp/sedici/sedici2003/model/Pendientes_Roo_ToString.aj
/home/ariel/development/workspace-j2ee-4/dspace-sedici/sedici2003/sedici2003-api/src/main/java/ar/edu/unlp/sedici/sedici2003/model/Estado_Roo_DbManaged.aj
/home/ariel/development/workspace-j2ee-4/dspace-sedici/sedici2003/sedici2003-api/src/main/java/ar/edu/unlp/sedici/sedici2003/model/Personas.java
/home/ariel/development/workspace-j2ee-4/dspace-sedici/sedici2003/sedici2003-api/src/main/java/ar/edu/unlp/sedici/sedici2003/model/DsiNotificacionPK.java
/home/ariel/development/workspace-j2ee-4/dspace-sedici/sedici2003/sedici2003-api/src/main/java/ar/edu/unlp/sedici/sedici2003/model/RelacionMetaTipodoc_Roo_Configurable.aj
/home/ariel/development/workspace-j2ee-4/dspace-sedici/sedici2003/sedici2003-api/src/main/java/ar/edu/unlp/sedici/sedici2003/model/ElementosTabla_Roo_Entity.aj
/home/ariel/development/workspace-j2ee-4/dspace-sedici/sedici2003/sedici2003-api/src/main/java/ar/edu/unlp/sedici/sedici2003/model/CarpetasDocumentos_Roo_ToString.aj
/home/ariel/development/workspace-j2ee-4/dspace-sedici/sedici2003/sedici2003-api/src/main/java/ar/edu/unlp/sedici/sedici2003/model/DublinCoreLink_Roo_Entity.aj
/home/ariel/development/workspace-j2ee-4/dspace-sedici/sedici2003/sedici2003-api/src/main/java/ar/edu/unlp/sedici/sedici2003/model/DsiPeriodo_Roo_ToString.aj
/home/ariel/development/workspace-j2ee-4/dspace-sedici/sedici2003/sedici2003-api/src/main/java/ar/edu/unlp/sedici/sedici2003/model/IpDownloadsPK.java
/home/ariel/development/workspace-j2ee-4/dspace-sedici/sedici2003/sedici2003-api/src/main/java/ar/edu/unlp/sedici/sedici2003/model/Ip_Roo_Configurable.aj
/home/ariel/development/workspace-j2ee-4/dspace-sedici/sedici2003/sedici2003-api/src/main/java/ar/edu/unlp/sedici/sedici2003/model/MetadatosPartes.java
/home/ariel/development/workspace-j2ee-4/dspace-sedici/sedici2003/sedici2003-api/src/main/java/ar/edu/unlp/sedici/sedici2003/model/Noticias_Roo_DbManaged.aj
/home/ariel/development/workspace-j2ee-4/dspace-sedici/sedici2003/sedici2003-api/src/main/java/ar/edu/unlp/sedici/sedici2003/model/AbreviaturaPaisPK_Roo_Serializable.aj
/home/ariel/development/workspace-j2ee-4/dspace-sedici/sedici2003/sedici2003-api/src/main/java/ar/edu/unlp/sedici/sedici2003/model/Personas_Roo_Entity.aj
/home/ariel/development/workspace-j2ee-4/dspace-sedici/sedici2003/sedici2003-api/src/main/java/ar/edu/unlp/sedici/sedici2003/model/IpPaises_Roo_Configurable.aj
/home/ariel/development/workspace-j2ee-4/dspace-sedici/sedici2003/sedici2003-api/src/main/java/ar/edu/unlp/sedici/sedici2003/model/JerarquiasRelaciones_Roo_DbManaged.aj
/home/ariel/development/workspace-j2ee-4/dspace-sedici/sedici2003/sedici2003-api/src/main/java/ar/edu/unlp/sedici/sedici2003/model/IpDownloadsPK_Roo_Configurable.aj
/home/ariel/development/workspace-j2ee-4/dspace-sedici/sedici2003/sedici2003-api/src/main/java/ar/edu/unlp/sedici/sedici2003/model/IpDownloadsPK_Roo_Identifier.aj
/home/ariel/development/workspace-j2ee-4/dspace-sedici/sedici2003/sedici2003-api/src/main/java/ar/edu/unlp/sedici/sedici2003/model/TesaurosCateg_Roo_Configurable.aj
/home/ariel/development/workspace-j2ee-4/dspace-sedici/sedici2003/sedici2003-api/src/main/java/ar/edu/unlp/sedici/sedici2003/model/DublinCore_Roo_ToString.aj
/home/ariel/development/workspace-j2ee-4/dspace-sedici/sedici2003/sedici2003-api/src/main/java/ar/edu/unlp/sedici/sedici2003/model/JerarquiasTermino_Roo_DbManaged.aj
/home/ariel/development/workspace-j2ee-4/dspace-sedici/sedici2003/sedici2003-api/src/main/java/ar/edu/unlp/sedici/sedici2003/model/DsiPersonasPerfil.java
/home/ariel/development/workspace-j2ee-4/dspace-sedici/sedici2003/sedici2003-api/src/main/java/ar/edu/unlp/sedici/sedici2003/model/Estado_Roo_Configurable.aj
/home/ariel/development/workspace-j2ee-4/dspace-sedici/sedici2003/sedici2003-api/src/main/java/ar/edu/unlp/sedici/sedici2003/model/JerarquiasRelacionesPK.java
/home/ariel/development/workspace-j2ee-4/dspace-sedici/sedici2003/sedici2003-api/src/main/java/ar/edu/unlp/sedici/sedici2003/model/TipoOperacion_Roo_ToString.aj
/home/ariel/development/workspace-j2ee-4/dspace-sedici/sedici2003/sedici2003-api/src/main/java/ar/edu/unlp/sedici/sedici2003/model/TipoDeDocumento_Roo_Configurable.aj
/home/ariel/development/workspace-j2ee-4/dspace-sedici/sedici2003/sedici2003-api/src/main/java/ar/edu/unlp/sedici/sedici2003/model/DsiPersonasPerfil_Roo_DbManaged.aj
/home/ariel/development/workspace-j2ee-4/dspace-sedici/sedici2003/sedici2003-api/src/main/java/ar/edu/unlp/sedici/sedici2003/model/JerarquiasTermino_Roo_Configurable.aj
/home/ariel/development/workspace-j2ee-4/dspace-sedici/sedici2003/sedici2003-api/src/main/java/ar/edu/unlp/sedici/sedici2003/model/DsiNotificacion_Roo_Configurable.aj
/home/ariel/development/workspace-j2ee-4/dspace-sedici/sedici2003/sedici2003-api/src/main/java/ar/edu/unlp/sedici/sedici2003/model/IpLogin.java
/home/ariel/development/workspace-j2ee-4/dspace-sedici/sedici2003/sedici2003-api/src/main/java/ar/edu/unlp/sedici/sedici2003/model/IpDownloads_Roo_ToString.aj
/home/ariel/development/workspace-j2ee-4/dspace-sedici/sedici2003/sedici2003-api/src/main/java/ar/edu/unlp/sedici/sedici2003/model/Noticias.java
/home/ariel/development/workspace-j2ee-4/dspace-sedici/sedici2003/sedici2003-api/src/main/java/ar/edu/unlp/sedici/sedici2003/model/Productos.java
/home/ariel/development/workspace-j2ee-4/dspace-sedici/sedici2003/sedici2003-api/src/main/java/ar/edu/unlp/sedici/sedici2003/model/DsiPersonasPerfil_Roo_Entity.aj
/home/ariel/development/workspace-j2ee-4/dspace-sedici/sedici2003/sedici2003-api/src/main/java/ar/edu/unlp/sedici/sedici2003/model/Dependencias_Roo_ToString.aj
/home/ariel/development/workspace-j2ee-4/dspace-sedici/sedici2003/sedici2003-api/src/main/java/ar/edu/unlp/sedici/sedici2003/model/Link.java
/home/ariel/development/workspace-j2ee-4/dspace-sedici/sedici2003/sedici2003-api/src/main/java/ar/edu/unlp/sedici/sedici2003/model/TipoDocumento_Roo_Configurable.aj
/home/ariel/development/workspace-j2ee-4/dspace-sedici/sedici2003/sedici2003-api/src/main/java/ar/edu/unlp/sedici/sedici2003/model/Mail_Roo_DbManaged.aj
/home/ariel/development/workspace-j2ee-4/dspace-sedici/sedici2003/sedici2003-api/src/main/java/ar/edu/unlp/sedici/sedici2003/model/TesaurosTermino_Roo_DbManaged.aj
/home/ariel/development/workspace-j2ee-4/dspace-sedici/sedici2003/sedici2003-api/src/main/java/ar/edu/unlp/sedici/sedici2003/model/Logg_Roo_Entity.aj
/home/ariel/development/workspace-j2ee-4/dspace-sedici/sedici2003/sedici2003-api/src/main/java/ar/edu/unlp/sedici/sedici2003/model/IpWebservicePK_Roo_Identifier.aj
/home/ariel/development/workspace-j2ee-4/dspace-sedici/sedici2003/sedici2003-api/src/main/java/ar/edu/unlp/sedici/sedici2003/model/TesaurosCateg_Roo_ToString.aj
/home/ariel/development/workspace-j2ee-4/dspace-sedici/sedici2003/sedici2003-api/src/main/java/ar/edu/unlp/sedici/sedici2003/model/TesaurosRelacionesPK.java
/home/ariel/development/workspace-j2ee-4/dspace-sedici/sedici2003/sedici2003-api/src/main/java/ar/edu/unlp/sedici/sedici2003/model/Mensajes_Roo_Configurable.aj
/home/ariel/development/workspace-j2ee-4/dspace-sedici/sedici2003/sedici2003-api/src/main/java/ar/edu/unlp/sedici/sedici2003/model/DsiRelPaisDoc.java
/home/ariel/development/workspace-j2ee-4/dspace-sedici/sedici2003/sedici2003-api/src/main/java/ar/edu/unlp/sedici/sedici2003/model/IpWebservicePK.java
/home/ariel/development/workspace-j2ee-4/dspace-sedici/sedici2003/sedici2003-api/src/main/java/ar/edu/unlp/sedici/sedici2003/model/TipoDeMetadatos.java
/home/ariel/development/workspace-j2ee-4/dspace-sedici/sedici2003/sedici2003-api/src/main/java/ar/edu/unlp/sedici/sedici2003/model/TipoDocumento.java
/home/ariel/development/workspace-j2ee-4/dspace-sedici/sedici2003/sedici2003-api/src/main/java/ar/edu/unlp/sedici/sedici2003/model/JerarquiasRelacionesPK_Roo_Json.aj
/home/ariel/development/workspace-j2ee-4/dspace-sedici/sedici2003/sedici2003-api/src/main/java/ar/edu/unlp/sedici/sedici2003/model/Pendientes.java
/home/ariel/development/workspace-j2ee-4/dspace-sedici/sedici2003/sedici2003-api/src/main/java/ar/edu/unlp/sedici/sedici2003/model/DsiNotificacionPK_Roo_Identifier.aj
/home/ariel/development/workspace-j2ee-4/dspace-sedici/sedici2003/sedici2003-api/src/main/java/ar/edu/unlp/sedici/sedici2003/model/MetadatosPartes_Roo_Entity.aj
/home/ariel/development/workspace-j2ee-4/dspace-sedici/sedici2003/sedici2003-api/src/main/java/ar/edu/unlp/sedici/sedici2003/model/CarpetasDocumentosPK_Roo_Configurable.aj
/home/ariel/development/workspace-j2ee-4/dspace-sedici/sedici2003/sedici2003-api/src/main/java/ar/edu/unlp/sedici/sedici2003/model/Dependencias_Roo_DbManaged.aj
/home/ariel/development/workspace-j2ee-4/dspace-sedici/sedici2003/sedici2003-api/src/main/java/ar/edu/unlp/sedici/sedici2003/model/DsiPeriodo_Roo_Entity.aj
/home/ariel/development/workspace-j2ee-4/dspace-sedici/sedici2003/sedici2003-api/src/main/java/ar/edu/unlp/sedici/sedici2003/model/HistoricoBusquedas_Roo_Entity.aj
/home/ariel/development/workspace-j2ee-4/dspace-sedici/sedici2003/sedici2003-api/src/main/java/ar/edu/unlp/sedici/sedici2003/model/AdministradoresPK_Roo_Identifier.aj
/home/ariel/development/workspace-j2ee-4/dspace-sedici/sedici2003/sedici2003-api/src/main/java/ar/edu/unlp/sedici/sedici2003/model/Link_Roo_Entity.aj
/home/ariel/development/workspace-j2ee-4/dspace-sedici/sedici2003/sedici2003-api/src/main/java/ar/edu/unlp/sedici/sedici2003/model/TipoOperacion_Roo_DbManaged.aj
/home/ariel/development/workspace-j2ee-4/dspace-sedici/sedici2003/sedici2003-api/src/main/java/ar/edu/unlp/sedici/sedici2003/model/IpPaises.java
/home/ariel/development/workspace-j2ee-4/dspace-sedici/sedici2003/sedici2003-api/src/main/java/ar/edu/unlp/sedici/sedici2003/model/Metadatos.java
/home/ariel/development/workspace-j2ee-4/dspace-sedici/sedici2003/sedici2003-api/src/main/java/ar/edu/unlp/sedici/sedici2003/model/DsiEmailLog_Roo_DbManaged.aj
/home/ariel/development/workspace-j2ee-4/dspace-sedici/sedici2003/sedici2003-api/src/main/java/ar/edu/unlp/sedici/sedici2003/model/ElementosTabla_Roo_Configurable.aj
/home/ariel/development/workspace-j2ee-4/dspace-sedici/sedici2003/sedici2003-api/src/main/java/ar/edu/unlp/sedici/sedici2003/model/Dependencias_Roo_Configurable.aj
/home/ariel/development/workspace-j2ee-4/dspace-sedici/sedici2003/sedici2003-api/src/main/java/ar/edu/unlp/sedici/sedici2003/model/TipoDocumento_Roo_Entity.aj
/home/ariel/development/workspace-j2ee-4/dspace-sedici/sedici2003/sedici2003-api/src/main/java/ar/edu/unlp/sedici/sedici2003/model/AbreviaturaPais_Roo_Entity.aj
/home/ariel/development/workspace-j2ee-4/dspace-sedici/sedici2003/sedici2003-api/src/main/java/ar/edu/unlp/sedici/sedici2003/model/IpOai_Roo_Entity.aj
/home/ariel/development/workspace-j2ee-4/dspace-sedici/sedici2003/sedici2003-api/src/main/java/ar/edu/unlp/sedici/sedici2003/model/Partes_Roo_Entity.aj
/home/ariel/development/workspace-j2ee-4/dspace-sedici/sedici2003/sedici2003-api/src/main/java/ar/edu/unlp/sedici/sedici2003/model/TipoDeTabla.java
/home/ariel/development/workspace-j2ee-4/dspace-sedici/sedici2003/sedici2003-api/src/main/java/ar/edu/unlp/sedici/sedici2003/model/TipoRelacionTesauro_Roo_Configurable.aj
/home/ariel/development/workspace-j2ee-4/dspace-sedici/sedici2003/sedici2003-api/src/main/java/ar/edu/unlp/sedici/sedici2003/model/DublinCoreLink_Roo_Configurable.aj
/home/ariel/development/workspace-j2ee-4/dspace-sedici/sedici2003/sedici2003-api/src/main/java/ar/edu/unlp/sedici/sedici2003/model/DsiNotificacionPK_Roo_Configurable.aj
/home/ariel/development/workspace-j2ee-4/dspace-sedici/sedici2003/sedici2003-api/src/main/java/ar/edu/unlp/sedici/sedici2003/model/CarpetasDocumentosPK.java
/home/ariel/development/workspace-j2ee-4/dspace-sedici/sedici2003/sedici2003-api/src/main/java/ar/edu/unlp/sedici/sedici2003/model/DsiRelTipoDoc_Roo_Configurable.aj
/home/ariel/development/workspace-j2ee-4/dspace-sedici/sedici2003/sedici2003-api/src/main/java/ar/edu/unlp/sedici/sedici2003/model/CategoriaLinks_Roo_Configurable.aj
/home/ariel/development/workspace-j2ee-4/dspace-sedici/sedici2003/sedici2003-api/src/main/java/ar/edu/unlp/sedici/sedici2003/model/Personas_Roo_ToString.aj
/home/ariel/development/workspace-j2ee-4/dspace-sedici/sedici2003/sedici2003-api/src/main/java/ar/edu/unlp/sedici/sedici2003/model/JerarquiasTermino.java
/home/ariel/development/workspace-j2ee-4/dspace-sedici/sedici2003/sedici2003-api/src/main/java/ar/edu/unlp/sedici/sedici2003/model/TipoRelacionTesauro.java
/home/ariel/development/workspace-j2ee-4/dspace-sedici/sedici2003/sedici2003-api/src/main/java/ar/edu/unlp/sedici/sedici2003/model/DsiRelTipoDoc_Roo_Entity.aj
/home/ariel/development/workspace-j2ee-4/dspace-sedici/sedici2003/sedici2003-api/src/main/java/ar/edu/unlp/sedici/sedici2003/model/Logg_Roo_DbManaged.aj
/home/ariel/development/workspace-j2ee-4/dspace-sedici/sedici2003/sedici2003-api/src/main/java/ar/edu/unlp/sedici/sedici2003/model/TipoDeTabla_Roo_ToString.aj
/home/ariel/development/workspace-j2ee-4/dspace-sedici/sedici2003/sedici2003-api/src/main/java/ar/edu/unlp/sedici/sedici2003/model/IpOai_Roo_ToString.aj
/home/ariel/development/workspace-j2ee-4/dspace-sedici/sedici2003/sedici2003-api/src/main/java/ar/edu/unlp/sedici/sedici2003/model/TipoDeMetadatos_Roo_Entity.aj
/home/ariel/development/workspace-j2ee-4/dspace-sedici/sedici2003/sedici2003-api/src/main/java/ar/edu/unlp/sedici/sedici2003/model/HistoricoBusquedas_Roo_Configurable.aj
/home/ariel/development/workspace-j2ee-4/dspace-sedici/sedici2003/sedici2003-api/src/main/java/ar/edu/unlp/sedici/sedici2003/model/TipoDocumento_Roo_DbManaged.aj
/home/ariel/development/workspace-j2ee-4/dspace-sedici/sedici2003/sedici2003-api/src/main/java/ar/edu/unlp/sedici/sedici2003/model/IpPK_Roo_Json.aj
/home/ariel/development/workspace-j2ee-4/dspace-sedici/sedici2003/sedici2003-api/src/main/java/ar/edu/unlp/sedici/sedici2003/model/Documentos_Roo_DbManaged.aj
/home/ariel/development/workspace-j2ee-4/dspace-sedici/sedici2003/sedici2003-api/src/main/java/ar/edu/unlp/sedici/sedici2003/model/TipoRelacionTesauro_Roo_DbManaged.aj
/home/ariel/development/workspace-j2ee-4/dspace-sedici/sedici2003/sedici2003-api/src/main/java/ar/edu/unlp/sedici/sedici2003/model/DublinCoreLinkPK_Roo_Configurable.aj
/home/ariel/development/workspace-j2ee-4/dspace-sedici/sedici2003/sedici2003-api/src/main/java/ar/edu/unlp/sedici/sedici2003/model/Paises_Roo_DbManaged.aj
/home/ariel/development/workspace-j2ee-4/dspace-sedici/sedici2003/sedici2003-api/src/main/java/ar/edu/unlp/sedici/sedici2003/model/JerarquiasCateg_Roo_Entity.aj
/home/ariel/development/workspace-j2ee-4/dspace-sedici/sedici2003/sedici2003-api/src/main/java/ar/edu/unlp/sedici/sedici2003/model/DublinCoreLink_Roo_ToString.aj
/home/ariel/development/workspace-j2ee-4/dspace-sedici/sedici2003/sedici2003-api/src/main/java/ar/edu/unlp/sedici/sedici2003/model/DublinCoreLinkPK_Roo_Serializable.aj
/home/ariel/development/workspace-j2ee-4/dspace-sedici/sedici2003/sedici2003-api/src/main/java/ar/edu/unlp/sedici/sedici2003/model/Sequence_Roo_Entity.aj
/home/ariel/development/workspace-j2ee-4/dspace-sedici/sedici2003/sedici2003-api/src/main/java/ar/edu/unlp/sedici/sedici2003/model/DsiRelTesauro_Roo_Configurable.aj
/home/ariel/development/workspace-j2ee-4/dspace-sedici/sedici2003/sedici2003-api/src/main/java/ar/edu/unlp/sedici/sedici2003/model/DsiRelTipoDoc_Roo_ToString.aj
/home/ariel/development/workspace-j2ee-4/dspace-sedici/sedici2003/sedici2003-api/src/main/java/ar/edu/unlp/sedici/sedici2003/model/Mensajes.java
/home/ariel/development/workspace-j2ee-4/dspace-sedici/sedici2003/sedici2003-api/src/main/java/ar/edu/unlp/sedici/sedici2003/model/TipoRelacionTesauro_Roo_ToString.aj
/home/ariel/development/workspace-j2ee-4/dspace-sedici/sedici2003/sedici2003-api/src/main/java/ar/edu/unlp/sedici/sedici2003/model/Documentos.java
/home/ariel/development/workspace-j2ee-4/dspace-sedici/sedici2003/sedici2003-api/src/main/java/ar/edu/unlp/sedici/sedici2003/model/DsiRelPaisDoc_Roo_Configurable.aj
/home/ariel/development/workspace-j2ee-4/dspace-sedici/sedici2003/sedici2003-api/src/main/java/ar/edu/unlp/sedici/sedici2003/model/Unidades_Roo_DbManaged.aj
/home/ariel/development/workspace-j2ee-4/dspace-sedici/sedici2003/sedici2003-api/src/main/java/ar/edu/unlp/sedici/sedici2003/model/TipoDeDocumento_Roo_DbManaged.aj
/home/ariel/development/workspace-j2ee-4/dspace-sedici/sedici2003/sedici2003-api/src/main/java/ar/edu/unlp/sedici/sedici2003/model/Mismensajes_Roo_ToString.aj
/home/ariel/development/workspace-j2ee-4/dspace-sedici/sedici2003/sedici2003-api/src/main/java/ar/edu/unlp/sedici/sedici2003/model/Carpetas_Roo_ToString.aj
/home/ariel/development/workspace-j2ee-4/dspace-sedici/sedici2003/sedici2003-api/src/main/java/ar/edu/unlp/sedici/sedici2003/model/Mismensajes_Roo_Entity.aj
/home/ariel/development/workspace-j2ee-4/dspace-sedici/sedici2003/sedici2003-api/src/main/java/ar/edu/unlp/sedici/sedici2003/model/Partes_Roo_DbManaged.aj
/home/ariel/development/workspace-j2ee-4/dspace-sedici/sedici2003/sedici2003-api/src/main/java/ar/edu/unlp/sedici/sedici2003/model/TesaurosCateg_Roo_DbManaged.aj
/home/ariel/development/workspace-j2ee-4/dspace-sedici/sedici2003/sedici2003-api/src/main/java/ar/edu/unlp/sedici/sedici2003/model/OrdenesMail_Roo_ToString.aj
/home/ariel/development/workspace-j2ee-4/dspace-sedici/sedici2003/sedici2003-api/src/main/java/ar/edu/unlp/sedici/sedici2003/model/TesaurosRelacionesPK_Roo_Serializable.aj
/home/ariel/development/workspace-j2ee-4/dspace-sedici/sedici2003/sedici2003-api/src/main/java/ar/edu/unlp/sedici/sedici2003/model/DsiNotificacionPK_Roo_Json.aj
/home/ariel/development/workspace-j2ee-4/dspace-sedici/sedici2003/sedici2003-api/src/main/java/ar/edu/unlp/sedici/sedici2003/model/DublinCore_Roo_DbManaged.aj
/home/ariel/development/workspace-j2ee-4/dspace-sedici/sedici2003/sedici2003-api/src/main/java/ar/edu/unlp/sedici/sedici2003/model/TesaurosTermino_Roo_Configurable.aj
/home/ariel/development/workspace-j2ee-4/dspace-sedici/sedici2003/sedici2003-api/src/main/java/ar/edu/unlp/sedici/sedici2003/model/TesaurosCateg_Roo_Entity.aj
/home/ariel/development/workspace-j2ee-4/dspace-sedici/sedici2003/sedici2003-api/src/main/java/ar/edu/unlp/sedici/sedici2003/model/TipoDeDocumento_Roo_ToString.aj
/home/ariel/development/workspace-j2ee-4/dspace-sedici/sedici2003/sedici2003-api/src/main/java/ar/edu/unlp/sedici/sedici2003/model/DsiNotificacionPK_Roo_Serializable.aj
/home/ariel/development/workspace-j2ee-4/dspace-sedici/sedici2003/sedici2003-api/src/main/java/ar/edu/unlp/sedici/sedici2003/model/Estado_Roo_Entity.aj
/home/ariel/development/workspace-j2ee-4/dspace-sedici/sedici2003/sedici2003-api/src/main/java/ar/edu/unlp/sedici/sedici2003/model/DsiNotificacion.java
/home/ariel/development/workspace-j2ee-4/dspace-sedici/sedici2003/sedici2003-api/src/main/java/ar/edu/unlp/sedici/sedici2003/model/TipoDeParte_Roo_Entity.aj
/home/ariel/development/workspace-j2ee-4/dspace-sedici/sedici2003/sedici2003-api/src/main/java/ar/edu/unlp/sedici/sedici2003/model/MetadatosPartes_Roo_ToString.aj
/home/ariel/development/workspace-j2ee-4/dspace-sedici/sedici2003/sedici2003-api/src/main/java/ar/edu/unlp/sedici/sedici2003/model/MetadatosPartes_Roo_Configurable.aj
/home/ariel/development/workspace-j2ee-4/dspace-sedici/sedici2003/sedici2003-api/src/main/java/ar/edu/unlp/sedici/sedici2003/model/IpLogin_Roo_Configurable.aj
/home/ariel/development/workspace-j2ee-4/dspace-sedici/sedici2003/sedici2003-api/src/main/java/ar/edu/unlp/sedici/sedici2003/model/IpPaises_Roo_ToString.aj
/home/ariel/development/workspace-j2ee-4/dspace-sedici/sedici2003/sedici2003-api/src/main/java/ar/edu/unlp/sedici/sedici2003/model/IpWebservicePK_Roo_Json.aj
/home/ariel/development/workspace-j2ee-4/dspace-sedici/sedici2003/sedici2003-api/src/main/java/ar/edu/unlp/sedici/sedici2003/model/Unidades_Roo_Entity.aj
/home/ariel/development/workspace-j2ee-4/dspace-sedici/sedici2003/sedici2003-api/src/main/java/ar/edu/unlp/sedici/sedici2003/model/RelacionMetaTipodoc_Roo_ToString.aj
/home/ariel/development/workspace-j2ee-4/dspace-sedici/sedici2003/sedici2003-api/src/main/java/ar/edu/unlp/sedici/sedici2003/model/Pendientes_Roo_DbManaged.aj
/home/ariel/development/workspace-j2ee-4/dspace-sedici/sedici2003/sedici2003-api/src/main/java/ar/edu/unlp/sedici/sedici2003/model/TesaurosRelaciones_Roo_Entity.aj
/home/ariel/development/workspace-j2ee-4/dspace-sedici/sedici2003/sedici2003-api/src/main/java/ar/edu/unlp/sedici/sedici2003/model/Productos_Roo_Configurable.aj
/home/ariel/development/workspace-j2ee-4/dspace-sedici/sedici2003/sedici2003-api/src/main/java/ar/edu/unlp/sedici/sedici2003/model/TesaurosCateg.java
/home/ariel/development/workspace-j2ee-4/dspace-sedici/sedici2003/sedici2003-api/src/main/java/ar/edu/unlp/sedici/sedici2003/model/DsiRelIdiomaDoc_Roo_DbManaged.aj
/home/ariel/development/workspace-j2ee-4/dspace-sedici/sedici2003/sedici2003-api/src/main/java/ar/edu/unlp/sedici/sedici2003/model/OrdenesMail_Roo_Entity.aj
/home/ariel/development/workspace-j2ee-4/dspace-sedici/sedici2003/sedici2003-api/src/main/java/ar/edu/unlp/sedici/sedici2003/model/IpWebservice_Roo_Entity.aj
/home/ariel/development/workspace-j2ee-4/dspace-sedici/sedici2003/sedici2003-api/src/main/java/ar/edu/unlp/sedici/sedici2003/model/TesaurosRelaciones.java
/home/ariel/development/workspace-j2ee-4/dspace-sedici/sedici2003/sedici2003-api/src/main/java/ar/edu/unlp/sedici/sedici2003/model/Carpetas_Roo_DbManaged.aj
/home/ariel/development/workspace-j2ee-4/dspace-sedici/sedici2003/sedici2003-api/src/main/java/ar/edu/unlp/sedici/sedici2003/model/Paises_Roo_ToString.aj
/home/ariel/development/workspace-j2ee-4/dspace-sedici/sedici2003/sedici2003-api/src/main/java/ar/edu/unlp/sedici/sedici2003/model/Documentos_Roo_Configurable.aj
/home/ariel/development/workspace-j2ee-4/dspace-sedici/sedici2003/sedici2003-api/src/main/java/ar/edu/unlp/sedici/sedici2003/model/Mismensajes_Roo_DbManaged.aj
/home/ariel/development/workspace-j2ee-4/dspace-sedici/sedici2003/sedici2003-api/src/main/java/ar/edu/unlp/sedici/sedici2003/model/CarpetasDocumentosPK_Roo_Json.aj
/home/ariel/development/workspace-j2ee-4/dspace-sedici/sedici2003/sedici2003-api/src/main/java/ar/edu/unlp/sedici/sedici2003/model/MetadatosPartes_Roo_DbManaged.aj
/home/ariel/development/workspace-j2ee-4/dspace-sedici/sedici2003/sedici2003-api/src/main/java/ar/edu/unlp/sedici/sedici2003/model/Administradores_Roo_Entity.aj
/home/ariel/development/workspace-j2ee-4/dspace-sedici/sedici2003/sedici2003-api/src/main/java/ar/edu/unlp/sedici/sedici2003/model/IpDownloads_Roo_Configurable.aj
/home/ariel/development/workspace-j2ee-4/dspace-sedici/sedici2003/sedici2003-api/src/main/java/ar/edu/unlp/sedici/sedici2003/model/Mensajes_Roo_DbManaged.aj
/home/ariel/development/workspace-j2ee-4/dspace-sedici/sedici2003/sedici2003-api/src/main/java/ar/edu/unlp/sedici/sedici2003/model/CarpetasDocumentos_Roo_Entity.aj
/home/ariel/development/workspace-j2ee-4/dspace-sedici/sedici2003/sedici2003-api/src/main/java/ar/edu/unlp/sedici/sedici2003/model/AdministradoresPK_Roo_Json.aj
/home/ariel/development/workspace-j2ee-4/dspace-sedici/sedici2003/sedici2003-api/src/main/java/ar/edu/unlp/sedici/sedici2003/model/TipoDeParte.java
/home/ariel/development/workspace-j2ee-4/dspace-sedici/sedici2003/sedici2003-api/src/main/java/ar/edu/unlp/sedici/sedici2003/model/Noticias_Roo_Configurable.aj
/home/ariel/development/workspace-j2ee-4/dspace-sedici/sedici2003/sedici2003-api/src/main/java/ar/edu/unlp/sedici/sedici2003/model/DsiRelTipoDoc_Roo_DbManaged.aj
/home/ariel/development/workspace-j2ee-4/dspace-sedici/sedici2003/sedici2003-api/src/main/java/ar/edu/unlp/sedici/sedici2003/model/DsiRelTesauro_Roo_Entity.aj
/home/ariel/development/workspace-j2ee-4/dspace-sedici/sedici2003/sedici2003-api/src/main/java/ar/edu/unlp/sedici/sedici2003/model/IpDownloads_Roo_Entity.aj
/home/ariel/development/workspace-j2ee-4/dspace-sedici/sedici2003/sedici2003-api/src/main/java/ar/edu/unlp/sedici/sedici2003/model/Administradores_Roo_Configurable.aj
/home/ariel/development/workspace-j2ee-4/dspace-sedici/sedici2003/sedici2003-api/src/main/java/ar/edu/unlp/sedici/sedici2003/model/Mail.java
/home/ariel/development/workspace-j2ee-4/dspace-sedici/sedici2003/sedici2003-api/src/main/java/ar/edu/unlp/sedici/sedici2003/model/DublinCoreLinkPK_Roo_Identifier.aj
/home/ariel/development/workspace-j2ee-4/dspace-sedici/sedici2003/sedici2003-api/src/main/java/ar/edu/unlp/sedici/sedici2003/model/Contacto_Roo_DbManaged.aj
/home/ariel/development/workspace-j2ee-4/dspace-sedici/sedici2003/sedici2003-api/src/main/java/ar/edu/unlp/sedici/sedici2003/model/IpOai_Roo_DbManaged.aj
/home/ariel/development/workspace-j2ee-4/dspace-sedici/sedici2003/sedici2003-api/src/main/java/ar/edu/unlp/sedici/sedici2003/model/IpPK_Roo_Identifier.aj
/home/ariel/development/workspace-j2ee-4/dspace-sedici/sedici2003/sedici2003-api/src/main/java/ar/edu/unlp/sedici/sedici2003/model/AbreviaturaPaisPK_Roo_Identifier.aj
/home/ariel/development/workspace-j2ee-4/dspace-sedici/sedici2003/sedici2003-api/src/main/java/ar/edu/unlp/sedici/sedici2003/model/DsiEmailLog_Roo_Configurable.aj
/home/ariel/development/workspace-j2ee-4/dspace-sedici/sedici2003/sedici2003-api/src/main/java/ar/edu/unlp/sedici/sedici2003/model/IpPK_Roo_Configurable.aj
/home/ariel/development/workspace-j2ee-4/dspace-sedici/sedici2003/sedici2003-api/src/main/java/ar/edu/unlp/sedici/sedici2003/model/IpDownloadsPK_Roo_Json.aj
/home/ariel/development/workspace-j2ee-4/dspace-sedici/sedici2003/sedici2003-api/src/main/java/ar/edu/unlp/sedici/sedici2003/model/Metadatos_Roo_DbManaged.aj
/home/ariel/development/workspace-j2ee-4/dspace-sedici/sedici2003/sedici2003-api/src/main/java/ar/edu/unlp/sedici/sedici2003/model/TesaurosRelacionesPK_Roo_Configurable.aj
/home/ariel/development/workspace-j2ee-4/dspace-sedici/sedici2003/sedici2003-api/src/main/java/ar/edu/unlp/sedici/sedici2003/model/IpPK.java
/home/ariel/development/workspace-j2ee-4/dspace-sedici/sedici2003/sedici2003-api/src/main/java/ar/edu/unlp/sedici/sedici2003/model/Personas_Roo_Finder.aj
/home/ariel/development/workspace-j2ee-4/dspace-sedici/sedici2003/sedici2003-api/src/main/java/ar/edu/unlp/sedici/sedici2003/model/PlantillaCorreo.java
/home/ariel/development/workspace-j2ee-4/dspace-sedici/sedici2003/sedici2003-api/src/main/java/ar/edu/unlp/sedici/sedici2003/model/IpDownloads.java
/home/ariel/development/workspace-j2ee-4/dspace-sedici/sedici2003/sedici2003-api/src/main/java/ar/edu/unlp/sedici/sedici2003/model/Mismensajes_Roo_Configurable.aj
/home/ariel/development/workspace-j2ee-4/dspace-sedici/sedici2003/sedici2003-api/src/main/java/ar/edu/unlp/sedici/sedici2003/model/Noticias_Roo_ToString.aj
/home/ariel/development/workspace-j2ee-4/dspace-sedici/sedici2003/sedici2003-api/src/main/java/ar/edu/unlp/sedici/sedici2003/model/CarpetasDocumentosPK_Roo_Identifier.aj
/home/ariel/development/workspace-j2ee-4/dspace-sedici/sedici2003/sedici2003-api/src/main/java/ar/edu/unlp/sedici/sedici2003/model/TipoDeTabla_Roo_Configurable.aj
/home/ariel/development/workspace-j2ee-4/dspace-sedici/sedici2003/sedici2003-api/src/main/java/ar/edu/unlp/sedici/sedici2003/model/DsiRelTesauro.java
/home/ariel/development/workspace-j2ee-4/dspace-sedici/sedici2003/sedici2003-api/src/main/java/ar/edu/unlp/sedici/sedici2003/model/TesaurosRelacionesPK_Roo_Identifier.aj
/home/ariel/development/workspace-j2ee-4/dspace-sedici/sedici2003/sedici2003-api/src/main/java/ar/edu/unlp/sedici/sedici2003/model/Paises_Roo_Configurable.aj
/home/ariel/development/workspace-j2ee-4/dspace-sedici/sedici2003/sedici2003-api/src/main/java/ar/edu/unlp/sedici/sedici2003/model/ElementosTabla_Roo_ToString.aj
/home/ariel/development/workspace-j2ee-4/dspace-sedici/sedici2003/sedici2003-api/src/main/java/ar/edu/unlp/sedici/sedici2003/model/AdministradoresPK.java
/home/ariel/development/workspace-j2ee-4/dspace-sedici/sedici2003/sedici2003-api/src/main/java/ar/edu/unlp/sedici/sedici2003/model/CategoriaLinks_Roo_Entity.aj
/home/ariel/development/workspace-j2ee-4/dspace-sedici/sedici2003/sedici2003-api/src/main/java/ar/edu/unlp/sedici/sedici2003/model/JerarquiasRelaciones_Roo_Entity.aj
/home/ariel/development/workspace-j2ee-4/dspace-sedici/sedici2003/sedici2003-api/src/main/java/ar/edu/unlp/sedici/sedici2003/model/TipoOperacion_Roo_Entity.aj
/home/ariel/development/workspace-j2ee-4/dspace-sedici/sedici2003/sedici2003-api/src/main/java/ar/edu/unlp/sedici/sedici2003/model/CarpetasDocumentos.java
/home/ariel/development/workspace-j2ee-4/dspace-sedici/sedici2003/sedici2003-api/src/main/java/ar/edu/unlp/sedici/sedici2003/model/JerarquiasRelacionesPK_Roo_Identifier.aj
/home/ariel/development/workspace-j2ee-4/dspace-sedici/sedici2003/sedici2003-api/src/main/java/ar/edu/unlp/sedici/sedici2003/model/IpLogin_Roo_DbManaged.aj
/home/ariel/development/workspace-j2ee-4/dspace-sedici/sedici2003/sedici2003-api/src/main/java/ar/edu/unlp/sedici/sedici2003/model/Administradores.java
/home/ariel/development/workspace-j2ee-4/dspace-sedici/sedici2003/sedici2003-api/src/main/java/ar/edu/unlp/sedici/sedici2003/model/IpDownloadsPK_Roo_Serializable.aj
/home/ariel/development/workspace-j2ee-4/dspace-sedici/sedici2003/sedici2003-api/src/main/java/ar/edu/unlp/sedici/sedici2003/model/PlantillaCorreo_Roo_DbManaged.aj
/home/ariel/development/workspace-j2ee-4/dspace-sedici/sedici2003/sedici2003-api/src/main/java/ar/edu/unlp/sedici/sedici2003/model/TesaurosTermino.java
/home/ariel/development/workspace-j2ee-4/dspace-sedici/sedici2003/sedici2003-api/src/main/java/ar/edu/unlp/sedici/sedici2003/model/Logg_Roo_Configurable.aj
/home/ariel/development/workspace-j2ee-4/dspace-sedici/sedici2003/sedici2003-api/src/main/java/ar/edu/unlp/sedici/sedici2003/model/Carpetas_Roo_Entity.aj
/home/ariel/development/workspace-j2ee-4/dspace-sedici/sedici2003/sedici2003-api/src/main/java/ar/edu/unlp/sedici/sedici2003/model/DsiRelIdiomaDoc_Roo_Configurable.aj
/home/ariel/development/workspace-j2ee-4/dspace-sedici/sedici2003/sedici2003-api/src/main/java/ar/edu/unlp/sedici/sedici2003/model/IpWebservice_Roo_ToString.aj
/home/ariel/development/workspace-j2ee-4/dspace-sedici/sedici2003/sedici2003-api/src/main/java/ar/edu/unlp/sedici/sedici2003/model/Mail_Roo_Configurable.aj
/home/ariel/development/workspace-j2ee-4/dspace-sedici/sedici2003/sedici2003-api/src/main/java/ar/edu/unlp/sedici/sedici2003/model/Instituciones_Roo_ToString.aj
/home/ariel/development/workspace-j2ee-4/dspace-sedici/sedici2003/sedici2003-api/src/main/java/ar/edu/unlp/sedici/sedici2003/model/Theme_Roo_DbManaged.aj
/home/ariel/development/workspace-j2ee-4/dspace-sedici/sedici2003/sedici2003-api/src/main/java/ar/edu/unlp/sedici/sedici2003/model/OrdenesMail.java
/home/ariel/development/workspace-j2ee-4/dspace-sedici/sedici2003/sedici2003-api/src/main/java/ar/edu/unlp/sedici/sedici2003/model/Contacto.java
/home/ariel/development/workspace-j2ee-4/dspace-sedici/sedici2003/sedici2003-api/src/main/java/ar/edu/unlp/sedici/sedici2003/model/DsiPeriodo_Roo_Configurable.aj
/home/ariel/development/workspace-j2ee-4/dspace-sedici/sedici2003/sedici2003-api/src/main/java/ar/edu/unlp/sedici/sedici2003/model/ElementosTabla.java
/home/ariel/development/workspace-j2ee-4/dspace-sedici/sedici2003/sedici2003-api/src/main/java/ar/edu/unlp/sedici/sedici2003/model/CategoriaLinks_Roo_DbManaged.aj
/home/ariel/development/workspace-j2ee-4/dspace-sedici/sedici2003/sedici2003-api/src/main/java/ar/edu/unlp/sedici/sedici2003/model/TipoOperacion.java
/home/ariel/development/workspace-j2ee-4/dspace-sedici/sedici2003/sedici2003-api/src/main/java/ar/edu/unlp/sedici/sedici2003/model/AbreviaturaPais_Roo_ToString.aj
/home/ariel/development/workspace-j2ee-4/dspace-sedici/sedici2003/sedici2003-api/src/main/java/ar/edu/unlp/sedici/sedici2003/model/Metadatos_Roo_ToString.aj
/home/ariel/development/workspace-j2ee-4/dspace-sedici/sedici2003/sedici2003-api/src/main/java/ar/edu/unlp/sedici/sedici2003/model/DsiRelIdiomaDoc_Roo_Entity.aj
/home/ariel/development/workspace-j2ee-4/dspace-sedici/sedici2003/sedici2003-api/src/main/java/ar/edu/unlp/sedici/sedici2003/model/JerarquiasRelaciones_Roo_Configurable.aj
/home/ariel/development/workspace-j2ee-4/dspace-sedici/sedici2003/sedici2003-api/src/main/java/ar/edu/unlp/sedici/sedici2003/model/Sequence_Roo_DbManaged.aj
/home/ariel/development/workspace-j2ee-4/dspace-sedici/sedici2003/sedici2003-api/src/main/java/ar/edu/unlp/sedici/sedici2003/model/Dependencias_Roo_Entity.aj
/home/ariel/development/workspace-j2ee-4/dspace-sedici/sedici2003/sedici2003-api/src/main/java/ar/edu/unlp/sedici/sedici2003/model/Sequence.java
/home/ariel/development/workspace-j2ee-4/dspace-sedici/sedici2003/sedici2003-api/src/main/java/ar/edu/unlp/sedici/sedici2003/model/TesaurosRelaciones_Roo_Configurable.aj
/home/ariel/development/workspace-j2ee-4/dspace-sedici/sedici2003/sedici2003-api/src/main/java/ar/edu/unlp/sedici/sedici2003/model/CategoriaLinks.java
/home/ariel/development/workspace-j2ee-4/dspace-sedici/sedici2003/sedici2003-api/src/main/java/ar/edu/unlp/sedici/sedici2003/model/Theme_Roo_ToString.aj
/home/ariel/development/workspace-j2ee-4/dspace-sedici/sedici2003/sedici2003-api/src/main/java/ar/edu/unlp/sedici/sedici2003/model/DublinCore.java
/home/ariel/development/workspace-j2ee-4/dspace-sedici/sedici2003/sedici2003-api/src/main/java/ar/edu/unlp/sedici/sedici2003/model/Sequence_Roo_ToString.aj
/home/ariel/development/workspace-j2ee-4/dspace-sedici/sedici2003/sedici2003-api/src/main/java/ar/edu/unlp/sedici/sedici2003/model/TipoRelacionTesauro_Roo_Entity.aj
/home/ariel/development/workspace-j2ee-4/dspace-sedici/sedici2003/sedici2003-api/src/main/java/ar/edu/unlp/sedici/sedici2003/model/DsiNotificacion_Roo_Entity.aj
/home/ariel/development/workspace-j2ee-4/dspace-sedici/sedici2003/sedici2003-api/src/main/java/ar/edu/unlp/sedici/sedici2003/model/DsiRelTipoDoc.java
/home/ariel/development/workspace-j2ee-4/dspace-sedici/sedici2003/sedici2003-api/src/main/java/ar/edu/unlp/sedici/sedici2003/model/Mensajes_Roo_ToString.aj
/home/ariel/development/workspace-j2ee-4/dspace-sedici/sedici2003/sedici2003-api/src/main/java/ar/edu/unlp/sedici/sedici2003/model/TipoDeTabla_Roo_Entity.aj
/home/ariel/development/workspace-j2ee-4/dspace-sedici/sedici2003/sedici2003-api/src/main/java/ar/edu/unlp/sedici/sedici2003/model/PlantillaCorreo_Roo_ToString.aj
/home/ariel/development/workspace-j2ee-4/dspace-sedici/sedici2003/sedici2003-api/src/main/java/ar/edu/unlp/sedici/sedici2003/model/TesaurosRelacionesPK_Roo_Json.aj
/home/ariel/development/workspace-j2ee-4/dspace-sedici/sedici2003/sedici2003-api/src/main/java/ar/edu/unlp/sedici/sedici2003/model/DsiPersonasPerfil_Roo_Configurable.aj
/home/ariel/development/workspace-j2ee-4/dspace-sedici/sedici2003/sedici2003-api/src/main/java/ar/edu/unlp/sedici/sedici2003/model/Documentos_Roo_Entity.aj
/home/ariel/development/workspace-j2ee-4/dspace-sedici/sedici2003/sedici2003-api/src/main/java/ar/edu/unlp/sedici/sedici2003/model/AdministradoresPK_Roo_Serializable.aj
/home/ariel/development/workspace-j2ee-4/dspace-sedici/sedici2003/sedici2003-api/src/main/java/ar/edu/unlp/sedici/sedici2003/model/Carpetas_Roo_Configurable.aj
/home/ariel/development/workspace-j2ee-4/dspace-sedici/sedici2003/sedici2003-api/src/main/java/ar/edu/unlp/sedici/sedici2003/model/IpWebservicePK_Roo_Configurable.aj
/home/ariel/development/workspace-j2ee-4/dspace-sedici/sedici2003/sedici2003-api/src/main/java/ar/edu/unlp/sedici/sedici2003/model/IpLogin_Roo_ToString.aj
/home/ariel/development/workspace-j2ee-4/dspace-sedici/sedici2003/sedici2003-api/src/main/java/ar/edu/unlp/sedici/sedici2003/model/OrdenesMail_Roo_DbManaged.aj
/home/ariel/development/workspace-j2ee-4/dspace-sedici/sedici2003/sedici2003-api/src/main/java/ar/edu/unlp/sedici/sedici2003/model/TesaurosTermino_Roo_ToString.aj
/home/ariel/development/workspace-j2ee-4/dspace-sedici/sedici2003/sedici2003-api/src/main/java/ar/edu/unlp/sedici/sedici2003/model/DsiEmailLog.java
/home/ariel/development/workspace-j2ee-4/dspace-sedici/sedici2003/sedici2003-api/src/main/java/ar/edu/unlp/sedici/sedici2003/model/Theme.java
/home/ariel/development/workspace-j2ee-4/dspace-sedici/sedici2003/sedici2003-api/src/main/java/ar/edu/unlp/sedici/sedici2003/model/TesaurosTermino_Roo_Entity.aj
/home/ariel/development/workspace-j2ee-4/dspace-sedici/sedici2003/sedici2003-api/src/main/java/ar/edu/unlp/sedici/sedici2003/model/PlantillaCorreo_Roo_Entity.aj
/home/ariel/development/workspace-j2ee-4/dspace-sedici/sedici2003/sedici2003-api/src/main/java/ar/edu/unlp/sedici/sedici2003/model/Administradores_Roo_ToString.aj
/home/ariel/development/workspace-j2ee-4/dspace-sedici/sedici2003/sedici2003-api/src/main/java/ar/edu/unlp/sedici/sedici2003/model/TesaurosRelaciones_Roo_ToString.aj
/home/ariel/development/workspace-j2ee-4/dspace-sedici/sedici2003/sedici2003-api/src/main/java/ar/edu/unlp/sedici/sedici2003/model/Ip_Roo_Entity.aj
/home/ariel/development/workspace-j2ee-4/dspace-sedici/sedici2003/sedici2003-api/src/main/java/ar/edu/unlp/sedici/sedici2003/model/IpPK_Roo_Serializable.aj
/home/ariel/development/workspace-j2ee-4/dspace-sedici/sedici2003/sedici2003-api/src/main/java/ar/edu/unlp/sedici/sedici2003/model/Contacto_Roo_ToString.aj
/home/ariel/development/workspace-j2ee-4/dspace-sedici/sedici2003/sedici2003-api/src/main/java/ar/edu/unlp/sedici/sedici2003/model/IpLogin_Roo_Entity.aj
/home/ariel/development/workspace-j2ee-4/dspace-sedici/sedici2003/sedici2003-api/src/main/java/ar/edu/unlp/sedici/sedici2003/model/HistoricoBusquedas.java
/home/ariel/development/workspace-j2ee-4/dspace-sedici/sedici2003/sedici2003-api/src/main/java/ar/edu/unlp/sedici/sedici2003/model/JerarquiasRelaciones_Roo_ToString.aj
/home/ariel/development/workspace-j2ee-4/dspace-sedici/sedici2003/sedici2003-api/src/main/java/ar/edu/unlp/sedici/sedici2003/model/Metadatos_Roo_Configurable.aj
/home/ariel/development/workspace-j2ee-4/dspace-sedici/sedici2003/sedici2003-api/src/main/java/ar/edu/unlp/sedici/sedici2003/model/Unidades_Roo_ToString.aj
/home/ariel/development/workspace-j2ee-4/dspace-sedici/sedici2003/sedici2003-api/src/main/java/ar/edu/unlp/sedici/sedici2003/model/DsiRelTesauro_Roo_ToString.aj
/home/ariel/development/workspace-j2ee-4/dspace-sedici/sedici2003/sedici2003-api/src/main/java/ar/edu/unlp/sedici/sedici2003/model/JerarquiasCateg_Roo_ToString.aj
/home/ariel/development/workspace-j2ee-4/dspace-sedici/sedici2003/sedici2003-api/src/main/java/ar/edu/unlp/sedici/sedici2003/model/AbreviaturaPaisPK.java
/home/ariel/development/workspace-j2ee-4/dspace-sedici/sedici2003/sedici2003-api/src/main/java/ar/edu/unlp/sedici/sedici2003/model/Link_Roo_ToString.aj
/home/ariel/development/workspace-j2ee-4/dspace-sedici/sedici2003/sedici2003-api/src/main/java/ar/edu/unlp/sedici/sedici2003/model/DublinCore_Roo_Entity.aj
/home/ariel/development/workspace-j2ee-4/dspace-sedici/sedici2003/sedici2003-api/src/main/java/ar/edu/unlp/sedici/sedici2003/model/IpPaisesPK_Roo_Json.aj
/home/ariel/development/workspace-j2ee-4/dspace-sedici/sedici2003/sedici2003-api/src/main/java/ar/edu/unlp/sedici/sedici2003/model/JerarquiasRelaciones.java
/home/ariel/development/workspace-j2ee-4/dspace-sedici/sedici2003/sedici2003-api/src/main/java/ar/edu/unlp/sedici/sedici2003/model/AbreviaturaPaisPK_Roo_Configurable.aj
/home/ariel/development/workspace-j2ee-4/dspace-sedici/sedici2003/sedici2003-api/src/main/java/ar/edu/unlp/sedici/sedici2003/model/Mail_Roo_ToString.aj
/home/ariel/development/workspace-j2ee-4/dspace-sedici/sedici2003/sedici2003-api/src/main/java/ar/edu/unlp/sedici/sedici2003/model/Mensajes_Roo_Entity.aj
/home/ariel/development/workspace-j2ee-4/dspace-sedici/sedici2003/sedici2003-api/src/main/java/ar/edu/unlp/sedici/sedici2003/model/DsiRelIdiomaDoc_Roo_ToString.aj
/home/ariel/development/workspace-j2ee-4/dspace-sedici/sedici2003/sedici2003-api/src/main/java/ar/edu/unlp/sedici/sedici2003/model/Noticias_Roo_Entity.aj
/home/ariel/development/workspace-j2ee-4/dspace-sedici/sedici2003/sedici2003-api/src/main/java/ar/edu/unlp/sedici/sedici2003/model/Mail_Roo_Entity.aj
/home/ariel/development/workspace-j2ee-4/dspace-sedici/sedici2003/sedici2003-api/src/main/java/ar/edu/unlp/sedici/sedici2003/model/Documentos_Roo_ToString.aj
/home/ariel/development/workspace-j2ee-4/dspace-sedici/sedici2003/sedici2003-api/src/main/java/ar/edu/unlp/sedici/sedici2003/model/TipoDeParte_Roo_Configurable.aj
/home/ariel/development/workspace-j2ee-4/dspace-sedici/sedici2003/sedici2003-api/src/main/java/ar/edu/unlp/sedici/sedici2003/model/JerarquiasRelacionesPK_Roo_Serializable.aj
/home/ariel/development/workspace-j2ee-4/dspace-sedici/sedici2003/sedici2003-api/src/main/java/ar/edu/unlp/sedici/sedici2003/model/DublinCoreLinkPK_Roo_Json.aj
/home/ariel/development/workspace-j2ee-4/dspace-sedici/sedici2003/sedici2003-api/src/main/java/ar/edu/unlp/sedici/sedici2003/model/Productos_Roo_DbManaged.aj
/home/ariel/development/workspace-j2ee-4/dspace-sedici/sedici2003/sedici2003-api/src/main/java/ar/edu/unlp/sedici/sedici2003/model/TipoDeMetadatos_Roo_ToString.aj
/home/ariel/development/workspace-j2ee-4/dspace-sedici/sedici2003/sedici2003-api/src/main/java/ar/edu/unlp/sedici/sedici2003/model/Contacto_Roo_Entity.aj
/home/ariel/development/workspace-j2ee-4/dspace-sedici/sedici2003/sedici2003-api/src/main/java/ar/edu/unlp/sedici/sedici2003/model/Paises.java
/home/ariel/development/workspace-j2ee-4/dspace-sedici/sedici2003/sedici2003-api/src/main/java/ar/edu/unlp/sedici/sedici2003/model/JerarquiasTermino_Roo_ToString.aj
/home/ariel/development/workspace-j2ee-4/dspace-sedici/sedici2003/sedici2003-api/src/main/java/ar/edu/unlp/sedici/sedici2003/model/Contacto_Roo_Configurable.aj
/home/ariel/development/workspace-j2ee-4/dspace-sedici/sedici2003/sedici2003-api/src/main/java/ar/edu/unlp/sedici/sedici2003/model/DsiEmailLog_Roo_Entity.aj
/home/ariel/development/workspace-j2ee-4/dspace-sedici/sedici2003/sedici2003-api/src/main/java/ar/edu/unlp/sedici/sedici2003/model/DsiPersonasPerfil_Roo_ToString.aj
/home/ariel/development/workspace-j2ee-4/dspace-sedici/sedici2003/sedici2003-api/src/main/java/ar/edu/unlp/sedici/sedici2003/model/Pendientes_Roo_Configurable.aj
/home/ariel/development/workspace-j2ee-4/dspace-sedici/sedici2003/sedici2003-api/src/main/java/ar/edu/unlp/sedici/sedici2003/model/DsiRelPaisDoc_Roo_Entity.aj
/home/ariel/development/workspace-j2ee-4/dspace-sedici/sedici2003/sedici2003-api/src/main/java/ar/edu/unlp/sedici/sedici2003/model/ElementosTabla_Roo_DbManaged.aj
/home/ariel/development/workspace-j2ee-4/dspace-sedici/sedici2003/sedici2003-api/src/main/java/ar/edu/unlp/sedici/sedici2003/model/Theme_Roo_Configurable.aj
/home/ariel/development/workspace-j2ee-4/dspace-sedici/sedici2003/sedici2003-api/src/main/java/ar/edu/unlp/sedici/sedici2003/model/Instituciones.java
/home/ariel/development/workspace-j2ee-4/dspace-sedici/sedici2003/sedici2003-api/src/main/java/ar/edu/unlp/sedici/sedici2003/model/IpWebservicePK_Roo_Serializable.aj
/home/ariel/development/workspace-j2ee-4/dspace-sedici/sedici2003/sedici2003-api/src/main/java/ar/edu/unlp/sedici/sedici2003/model/Paises_Roo_Entity.aj
/home/ariel/development/workspace-j2ee-4/dspace-sedici/sedici2003/sedici2003-api/src/main/java/ar/edu/unlp/sedici/sedici2003/model/AbreviaturaPais.java
/home/ariel/development/workspace-j2ee-4/dspace-sedici/sedici2003/sedici2003-api/src/main/java/ar/edu/unlp/sedici/sedici2003/model/DsiNotificacion_Roo_ToString.aj
/home/ariel/development/workspace-j2ee-4/dspace-sedici/sedici2003/sedici2003-api/src/main/java/ar/edu/unlp/sedici/sedici2003/model/RelacionMetaTipodoc.java
/home/ariel/development/workspace-j2ee-4/dspace-sedici/sedici2003/sedici2003-api/src/main/java/ar/edu/unlp/sedici/sedici2003/model/DsiRelTesauro_Roo_DbManaged.aj
/home/ariel/development/workspace-j2ee-4/dspace-sedici/sedici2003/sedici2003-api/src/main/java/ar/edu/unlp/sedici/sedici2003/model/Ip.java
/home/ariel/development/workspace-j2ee-4/dspace-sedici/sedici2003/sedici2003-api/src/main/java/ar/edu/unlp/sedici/sedici2003/model/OrdenesMail_Roo_Configurable.aj
/home/ariel/development/workspace-j2ee-4/dspace-sedici/sedici2003/sedici2003-api/src/main/java/ar/edu/unlp/sedici/sedici2003/model/DsiEmailLog_Roo_ToString.aj
/home/ariel/development/workspace-j2ee-4/dspace-sedici/sedici2003/sedici2003-api/src/main/java/ar/edu/unlp/sedici/sedici2003/model/CarpetasDocumentosPK_Roo_Serializable.aj
/home/ariel/development/workspace-j2ee-4/dspace-sedici/sedici2003/sedici2003-api/src/main/java/ar/edu/unlp/sedici/sedici2003/model/AdministradoresPK_Roo_Configurable.aj
/home/ariel/development/workspace-j2ee-4/dspace-sedici/sedici2003/sedici2003-api/src/main/java/ar/edu/unlp/sedici/sedici2003/model/RelacionMetaTipodoc_Roo_DbManaged.aj
/home/ariel/development/workspace-j2ee-4/dspace-sedici/sedici2003/sedici2003-api/src/main/java/ar/edu/unlp/sedici/sedici2003/model/Personas_Roo_DbManaged.aj
/home/ariel/development/workspace-j2ee-4/dspace-sedici/sedici2003/sedici2003-api/src/main/java/ar/edu/unlp/sedici/sedici2003/model/Estado_Roo_ToString.aj
/home/ariel/development/workspace-j2ee-4/dspace-sedici/sedici2003/sedici2003-api/src/main/java/ar/edu/unlp/sedici/sedici2003/model/Link_Roo_DbManaged.aj
/home/ariel/development/workspace-j2ee-4/dspace-sedici/sedici2003/sedici2003-api/src/main/java/ar/edu/unlp/sedici/sedici2003/model/TipoDeDocumento_Roo_Entity.aj
/home/ariel/development/workspace-j2ee-4/dspace-sedici/sedici2003/sedici2003-api/src/main/java/ar/edu/unlp/sedici/sedici2003/model/Productos_Roo_Entity.aj
/home/ariel/development/workspace-j2ee-4/dspace-sedici/sedici2003/sedici2003-api/src/main/java/ar/edu/unlp/sedici/sedici2003/model/Productos_Roo_ToString.aj
/home/ariel/development/workspace-j2ee-4/dspace-sedici/sedici2003/sedici2003-api/src/main/java/ar/edu/unlp/sedici/sedici2003/model/DsiPeriodo_Roo_DbManaged.aj
/home/ariel/development/workspace-j2ee-4/dspace-sedici/sedici2003/sedici2003-api/src/main/java/ar/edu/unlp/sedici/sedici2003/model/DublinCoreLinkPK.java
/home/ariel/development/workspace-j2ee-4/dspace-sedici/sedici2003/sedici2003-api/src/main/java/ar/edu/unlp/sedici/sedici2003/model/IpPaisesPK_Roo_Serializable.aj
/home/ariel/development/workspace-j2ee-4/dspace-sedici/sedici2003/sedici2003-api/src/main/java/ar/edu/unlp/sedici/sedici2003/model/IpOai.java
/home/ariel/development/workspace-j2ee-4/dspace-sedici/sedici2003/sedici2003-api/src/main/java/ar/edu/unlp/sedici/sedici2003/model/JerarquiasCateg_Roo_DbManaged.aj
/home/ariel/development/workspace-j2ee-4/dspace-sedici/sedici2003/sedici2003-api/src/main/java/ar/edu/unlp/sedici/sedici2003/model/DsiRelIdiomaDoc.java
/home/ariel/development/workspace-j2ee-4/dspace-sedici/sedici2003/sedici2003-api/src/main/java/ar/edu/unlp/sedici/sedici2003/model/Instituciones_Roo_Configurable.aj
/home/ariel/development/workspace-j2ee-4/dspace-sedici/sedici2003/sedici2003-api/src/main/java/ar/edu/unlp/sedici/sedici2003/model/TipoDeDocumento.java
/home/ariel/development/workspace-j2ee-4/dspace-sedici/sedici2003/sedici2003-api/src/main/java/ar/edu/unlp/sedici/sedici2003/model/Partes.java
/home/ariel/development/workspace-j2ee-4/dspace-sedici/sedici2003/sedici2003-api/src/main/java/ar/edu/unlp/sedici/sedici2003/model/Carpetas.java
/home/ariel/development/workspace-j2ee-4/dspace-sedici/sedici2003/sedici2003-api/src/main/java/ar/edu/unlp/sedici/sedici2003/model/AbreviaturaPais_Roo_Configurable.aj
/home/ariel/development/workspace-j2ee-4/dspace-sedici/sedici2003/sedici2003-api/src/main/java/ar/edu/unlp/sedici/sedici2003/model/JerarquiasTermino_Roo_Entity.aj
/home/ariel/development/workspace-j2ee-4/dspace-sedici/sedici2003/sedici2003-api/src/main/java/ar/edu/unlp/sedici/sedici2003/model/Mismensajes.java
/home/ariel/development/workspace-j2ee-4/dspace-sedici/sedici2003/sedici2003-api/src/main/java/ar/edu/unlp/sedici/sedici2003/model/IpPaisesPK_Roo_Configurable.aj
/home/ariel/development/workspace-j2ee-4/dspace-sedici/sedici2003/sedici2003-api/src/main/java/ar/edu/unlp/sedici/sedici2003/model/Logg.java
/home/ariel/development/workspace-j2ee-4/dspace-sedici/sedici2003/sedici2003-api/src/main/java/ar/edu/unlp/sedici/sedici2003/model/Ip_Roo_ToString.aj
/home/ariel/development/workspace-j2ee-4/dspace-sedici/sedici2003/sedici2003-api/src/main/java/ar/edu/unlp/sedici/sedici2003/model/CategoriaLinks_Roo_ToString.aj
/home/ariel/development/workspace-j2ee-4/dspace-sedici/sedici2003/sedici2003-api/src/main/java/ar/edu/unlp/sedici/sedici2003/model/AbreviaturaPaisPK_Roo_Json.aj
/home/ariel/development/workspace-j2ee-4/dspace-sedici/sedici2003/sedici2003-api/src/main/java/ar/edu/unlp/sedici/sedici2003/model/HistoricoBusquedas_Roo_ToString.aj
/home/ariel/development/workspace-j2ee-4/dspace-sedici/sedici2003/sedici2003-api/src/main/java/ar/edu/unlp/sedici/sedici2003/model/TipoDocumento_Roo_ToString.aj
/home/ariel/development/workspace-j2ee-4/dspace-sedici/sedici2003/sedici2003-api/src/main/java/ar/edu/unlp/sedici/sedici2003/model/Logg_Roo_ToString.aj
/home/ariel/development/workspace-j2ee-4/dspace-sedici/sedici2003/sedici2003-api/src/main/java/ar/edu/unlp/sedici/sedici2003/model/TipoDeTabla_Roo_DbManaged.aj
/home/ariel/development/workspace-j2ee-4/dspace-sedici/sedici2003/sedici2003-api/src/main/java/ar/edu/unlp/sedici/sedici2003/model/Instituciones_Roo_DbManaged.aj
/home/ariel/development/workspace-j2ee-4/dspace-sedici/sedici2003/sedici2003-api/src/main/java/ar/edu/unlp/sedici/sedici2003/model/Estado.java
/home/ariel/development/workspace-j2ee-4/dspace-sedici/sedici2003/sedici2003-api/src/main/java/ar/edu/unlp/sedici/sedici2003/model/HistoricoBusquedas_Roo_DbManaged.aj
