-encoding
UTF-8
-outxml
-source
1.6
-target
1.6
-classpath
/home/ariel/.m2/repository/ant-contrib/ant-contrib/1.0b3/ant-contrib-1.0b3.jar:/home/ariel/.m2/repository/aopalliance/aopalliance/1.0/aopalliance-1.0.jar:/home/ariel/development/workspace-j2ee-4/dspace-sedici/sedici2003/sedici2003-api/target/sedici2003-api-1.8.0.jar:/home/ariel/.m2/repository/cglib/cglib-nodep/2.2/cglib-nodep-2.2.jar:/home/ariel/.m2/repository/commons-beanutils/commons-beanutils/1.8.0/commons-beanutils-1.8.0.jar:/home/ariel/.m2/repository/commons-codec/commons-codec/1.4/commons-codec-1.4.jar:/home/ariel/.m2/repository/commons-collections/commons-collections/3.2/commons-collections-3.2.jar:/home/ariel/.m2/repository/commons-dbcp/commons-dbcp/1.3/commons-dbcp-1.3.jar:/home/ariel/.m2/repository/commons-digester/commons-digester/2.0/commons-digester-2.0.jar:/home/ariel/.m2/repository/commons-fileupload/commons-fileupload/1.2.1/commons-fileupload-1.2.1.jar:/home/ariel/.m2/repository/commons-lang/commons-lang/2.2/commons-lang-2.2.jar:/home/ariel/.m2/repository/commons-pool/commons-pool/1.5.4/commons-pool-1.5.4.jar:/home/ariel/.m2/repository/javax/el/el-api/1.0/el-api-1.0.jar:/home/ariel/.m2/repository/javax/servlet/servlet-api/2.5/servlet-api-2.5.jar:/home/ariel/.m2/repository/javax/servlet/jsp/jsp-api/2.1/jsp-api-2.1.jar:/home/ariel/.m2/repository/javax/servlet/jsp/jstl/jstl-api/1.2/jstl-api-1.2.jar:/home/ariel/.m2/repository/javax/transaction/jta/1.1/jta-1.1.jar:/home/ariel/.m2/repository/javax/validation/validation-api/1.0.0.GA/validation-api-1.0.0.GA.jar:/home/ariel/.m2/repository/joda-time/joda-time/1.6/joda-time-1.6.jar:/home/ariel/.m2/repository/junit/junit/4.8.2/junit-4.8.2.jar:/home/ariel/.m2/repository/log4j/log4j/1.2.16/log4j-1.2.16.jar:/home/ariel/.m2/repository/mysql/mysql-connector-java/5.1.13/mysql-connector-java-5.1.13.jar:/home/ariel/.m2/repository/net/sf/ehcache/ehcache-core/1.7.2/ehcache-core-1.7.2.jar:/home/ariel/.m2/repository/net/sf/flexjson/flexjson/2.1/flexjson-2.1.jar:/home/ariel/.m2/repository/org/apache/tiles/tiles-api/2.2.1/tiles-api-2.2.1.jar:/home/ariel/.m2/repository/org/apache/tiles/tiles-core/2.2.1/tiles-core-2.2.1.jar:/home/ariel/.m2/repository/org/apache/tiles/tiles-jsp/2.2.1/tiles-jsp-2.2.1.jar:/home/ariel/.m2/repository/org/apache/tiles/tiles-servlet/2.2.1/tiles-servlet-2.2.1.jar:/home/ariel/.m2/repository/org/apache/tiles/tiles-template/2.2.1/tiles-template-2.2.1.jar:/home/ariel/.m2/repository/org/aspectj/aspectjrt/1.6.11/aspectjrt-1.6.11.jar:/home/ariel/.m2/repository/org/aspectj/aspectjweaver/1.6.11/aspectjweaver-1.6.11.jar:/home/ariel/.m2/repository/org/dspace/dspace-services-api/2.0.4/dspace-services-api-2.0.4.jar:/home/ariel/.m2/repository/org/dspace/dspace-services-impl/2.0.4/dspace-services-impl-2.0.4.jar:/home/ariel/.m2/repository/org/dspace/dspace-services-utils/2.0.4/dspace-services-utils-2.0.4.jar:/home/ariel/.m2/repository/org/eclipse/persistence/eclipselink/2.2.0/eclipselink-2.2.0.jar:/home/ariel/.m2/repository/org/eclipse/persistence/javax.persistence/2.0.3/javax.persistence-2.0.3.jar:/home/ariel/.m2/repository/org/glassfish/web/jstl-impl/1.2/jstl-impl-1.2.jar:/home/ariel/.m2/repository/org/hibernate/hibernate-validator/4.1.0.Final/hibernate-validator-4.1.0.Final.jar:/home/ariel/.m2/repository/org/slf4j/jcl-over-slf4j/1.5.8/jcl-over-slf4j-1.5.8.jar:/home/ariel/.m2/repository/org/slf4j/slf4j-api/1.5.6/slf4j-api-1.5.6.jar:/home/ariel/.m2/repository/org/slf4j/slf4j-log4j12/1.5.8/slf4j-log4j12-1.5.8.jar:/home/ariel/.m2/repository/org/springframework/spring-aop/3.0.5.RELEASE/spring-aop-3.0.5.RELEASE.jar:/home/ariel/.m2/repository/org/springframework/spring-asm/3.0.5.RELEASE/spring-asm-3.0.5.RELEASE.jar:/home/ariel/.m2/repository/org/springframework/spring-aspects/3.0.5.RELEASE/spring-aspects-3.0.5.RELEASE.jar:/home/ariel/.m2/repository/org/springframework/spring-beans/3.0.5.RELEASE/spring-beans-3.0.5.RELEASE.jar:/home/ariel/.m2/repository/org/springframework/spring-context/3.0.5.RELEASE/spring-context-3.0.5.RELEASE.jar:/home/ariel/.m2/repository/org/springframework/spring-context-support/3.0.5.RELEASE/spring-context-support-3.0.5.RELEASE.jar:/home/ariel/.m2/repository/org/springframework/spring-core/3.0.5.RELEASE/spring-core-3.0.5.RELEASE.jar:/home/ariel/.m2/repository/org/springframework/spring-expression/3.0.5.RELEASE/spring-expression-3.0.5.RELEASE.jar:/home/ariel/.m2/repository/org/springframework/spring-jdbc/3.0.5.RELEASE/spring-jdbc-3.0.5.RELEASE.jar:/home/ariel/.m2/repository/org/springframework/spring-orm/3.0.5.RELEASE/spring-orm-3.0.5.RELEASE.jar:/home/ariel/.m2/repository/org/springframework/spring-test/3.0.5.RELEASE/spring-test-3.0.5.RELEASE.jar:/home/ariel/.m2/repository/org/springframework/spring-tx/3.0.5.RELEASE/spring-tx-3.0.5.RELEASE.jar:/home/ariel/.m2/repository/org/springframework/spring-web/3.0.5.RELEASE/spring-web-3.0.5.RELEASE.jar:/home/ariel/.m2/repository/org/springframework/spring-webmvc/3.0.5.RELEASE/spring-webmvc-3.0.5.RELEASE.jar:/home/ariel/.m2/repository/org/springframework/roo/org.springframework.roo.annotations/1.1.5.RELEASE/org.springframework.roo.annotations-1.1.5.RELEASE.jar:/home/ariel/.m2/repository/org/springframework/security/spring-security-acl/3.0.5.RELEASE/spring-security-acl-3.0.5.RELEASE.jar:/home/ariel/.m2/repository/org/springframework/security/spring-security-config/3.0.5.RELEASE/spring-security-config-3.0.5.RELEASE.jar:/home/ariel/.m2/repository/org/springframework/security/spring-security-core/3.0.5.RELEASE/spring-security-core-3.0.5.RELEASE.jar:/home/ariel/.m2/repository/org/springframework/security/spring-security-taglibs/3.0.5.RELEASE/spring-security-taglibs-3.0.5.RELEASE.jar:/home/ariel/.m2/repository/org/springframework/security/spring-security-web/3.0.5.RELEASE/spring-security-web-3.0.5.RELEASE.jar:/home/ariel/.m2/repository/org/springframework/webflow/spring-js-resources/2.2.1.RELEASE/spring-js-resources-2.2.1.RELEASE.jar:/home/ariel/development/workspace-j2ee-4/dspace-sedici/sedici2003/sedici2003-web/target/classes
-aspectpath
/home/ariel/.m2/repository/org/springframework/spring-aspects/3.0.5.RELEASE/spring-aspects-3.0.5.RELEASE.jar
-d
/home/ariel/development/workspace-j2ee-4/dspace-sedici/sedici2003/sedici2003-web/target/classes
/home/ariel/development/workspace-j2ee-4/dspace-sedici/sedici2003/sedici2003-web/src/main/java/ar/edu/unlp/sedici/sedici2003/web/DsiRelPaisDocController.java
/home/ariel/development/workspace-j2ee-4/dspace-sedici/sedici2003/sedici2003-web/src/main/java/ar/edu/unlp/sedici/sedici2003/web/ElementosTablaController.java
/home/ariel/development/workspace-j2ee-4/dspace-sedici/sedici2003/sedici2003-web/src/main/java/ar/edu/unlp/sedici/sedici2003/web/AdministradoresController.java
/home/ariel/development/workspace-j2ee-4/dspace-sedici/sedici2003/sedici2003-web/src/main/java/ar/edu/unlp/sedici/sedici2003/web/TipoDeParteController_Roo_Controller.aj
/home/ariel/development/workspace-j2ee-4/dspace-sedici/sedici2003/sedici2003-web/src/main/java/ar/edu/unlp/sedici/sedici2003/web/CarpetasController_Roo_Controller.aj
/home/ariel/development/workspace-j2ee-4/dspace-sedici/sedici2003/sedici2003-web/src/main/java/ar/edu/unlp/sedici/sedici2003/web/HistoricoBusquedasController_Roo_Controller.aj
/home/ariel/development/workspace-j2ee-4/dspace-sedici/sedici2003/sedici2003-web/src/main/java/ar/edu/unlp/sedici/sedici2003/web/TesaurosTerminoController_Roo_Controller.aj
/home/ariel/development/workspace-j2ee-4/dspace-sedici/sedici2003/sedici2003-web/src/main/java/ar/edu/unlp/sedici/sedici2003/web/PlantillaCorreoController_Roo_Controller.aj
/home/ariel/development/workspace-j2ee-4/dspace-sedici/sedici2003/sedici2003-web/src/main/java/ar/edu/unlp/sedici/sedici2003/web/AdministradoresController_Roo_Controller.aj
/home/ariel/development/workspace-j2ee-4/dspace-sedici/sedici2003/sedici2003-web/src/main/java/ar/edu/unlp/sedici/sedici2003/web/SequenceController.java
/home/ariel/development/workspace-j2ee-4/dspace-sedici/sedici2003/sedici2003-web/src/main/java/ar/edu/unlp/sedici/sedici2003/web/PartesController_Roo_Controller.aj
/home/ariel/development/workspace-j2ee-4/dspace-sedici/sedici2003/sedici2003-web/src/main/java/ar/edu/unlp/sedici/sedici2003/web/IpController.java
/home/ariel/development/workspace-j2ee-4/dspace-sedici/sedici2003/sedici2003-web/src/main/java/ar/edu/unlp/sedici/sedici2003/web/TesaurosRelacionesController.java
/home/ariel/development/workspace-j2ee-4/dspace-sedici/sedici2003/sedici2003-web/src/main/java/ar/edu/unlp/sedici/sedici2003/web/TipoDeParteController.java
/home/ariel/development/workspace-j2ee-4/dspace-sedici/sedici2003/sedici2003-web/src/main/java/ar/edu/unlp/sedici/sedici2003/web/MismensajesController_Roo_Controller.aj
/home/ariel/development/workspace-j2ee-4/dspace-sedici/sedici2003/sedici2003-web/src/main/java/ar/edu/unlp/sedici/sedici2003/web/OrdenesMailController_Roo_Controller.aj
/home/ariel/development/workspace-j2ee-4/dspace-sedici/sedici2003/sedici2003-web/src/main/java/ar/edu/unlp/sedici/sedici2003/web/TipoOperacionController.java
/home/ariel/development/workspace-j2ee-4/dspace-sedici/sedici2003/sedici2003-web/src/main/java/ar/edu/unlp/sedici/sedici2003/web/TipoDocumentoController_Roo_Controller.aj
/home/ariel/development/workspace-j2ee-4/dspace-sedici/sedici2003/sedici2003-web/src/main/java/ar/edu/unlp/sedici/sedici2003/web/DsiRelTesauroController.java
/home/ariel/development/workspace-j2ee-4/dspace-sedici/sedici2003/sedici2003-web/src/main/java/ar/edu/unlp/sedici/sedici2003/web/PersonasController_Roo_Controller.aj
/home/ariel/development/workspace-j2ee-4/dspace-sedici/sedici2003/sedici2003-web/src/main/java/ar/edu/unlp/sedici/sedici2003/web/ContactoController.java
/home/ariel/development/workspace-j2ee-4/dspace-sedici/sedici2003/sedici2003-web/src/main/java/ar/edu/unlp/sedici/sedici2003/web/JerarquiasRelacionesController.java
/home/ariel/development/workspace-j2ee-4/dspace-sedici/sedici2003/sedici2003-web/src/main/java/ar/edu/unlp/sedici/sedici2003/web/DsiPeriodoController_Roo_Controller.aj
/home/ariel/development/workspace-j2ee-4/dspace-sedici/sedici2003/sedici2003-web/src/main/java/ar/edu/unlp/sedici/sedici2003/web/InstitucionesController.java
/home/ariel/development/workspace-j2ee-4/dspace-sedici/sedici2003/sedici2003-web/src/main/java/ar/edu/unlp/sedici/sedici2003/web/TesaurosTerminoController.java
/home/ariel/development/workspace-j2ee-4/dspace-sedici/sedici2003/sedici2003-web/src/main/java/ar/edu/unlp/sedici/sedici2003/web/DublinCoreLinkController.java
/home/ariel/development/workspace-j2ee-4/dspace-sedici/sedici2003/sedici2003-web/src/main/java/ar/edu/unlp/sedici/sedici2003/web/NoticiasController.java
/home/ariel/development/workspace-j2ee-4/dspace-sedici/sedici2003/sedici2003-web/src/main/java/ar/edu/unlp/sedici/sedici2003/web/JerarquiasRelacionesController_Roo_Controller.aj
/home/ariel/development/workspace-j2ee-4/dspace-sedici/sedici2003/sedici2003-web/src/main/java/ar/edu/unlp/sedici/sedici2003/web/RelacionMetaTipodocController_Roo_Controller.aj
/home/ariel/development/workspace-j2ee-4/dspace-sedici/sedici2003/sedici2003-web/src/main/java/ar/edu/unlp/sedici/sedici2003/web/PersonasController.java
/home/ariel/development/workspace-j2ee-4/dspace-sedici/sedici2003/sedici2003-web/src/main/java/ar/edu/unlp/sedici/sedici2003/web/DocumentosController_Roo_Controller.aj
/home/ariel/development/workspace-j2ee-4/dspace-sedici/sedici2003/sedici2003-web/src/main/java/ar/edu/unlp/sedici/sedici2003/web/MensajesController.java
/home/ariel/development/workspace-j2ee-4/dspace-sedici/sedici2003/sedici2003-web/src/main/java/ar/edu/unlp/sedici/sedici2003/web/JerarquiasTerminoController.java
/home/ariel/development/workspace-j2ee-4/dspace-sedici/sedici2003/sedici2003-web/src/main/java/ar/edu/unlp/sedici/sedici2003/web/ProductosController_Roo_Controller.aj
/home/ariel/development/workspace-j2ee-4/dspace-sedici/sedici2003/sedici2003-web/src/main/java/ar/edu/unlp/sedici/sedici2003/web/TipoOperacionController_Roo_Controller.aj
/home/ariel/development/workspace-j2ee-4/dspace-sedici/sedici2003/sedici2003-web/src/main/java/ar/edu/unlp/sedici/sedici2003/web/DsiRelTipoDocController.java
/home/ariel/development/workspace-j2ee-4/dspace-sedici/sedici2003/sedici2003-web/src/main/java/ar/edu/unlp/sedici/sedici2003/web/ApplicationConversionServiceFactoryBean.java
/home/ariel/development/workspace-j2ee-4/dspace-sedici/sedici2003/sedici2003-web/src/main/java/ar/edu/unlp/sedici/sedici2003/web/PendientesController_Roo_Controller.aj
/home/ariel/development/workspace-j2ee-4/dspace-sedici/sedici2003/sedici2003-web/src/main/java/ar/edu/unlp/sedici/sedici2003/web/MetadatosController.java
/home/ariel/development/workspace-j2ee-4/dspace-sedici/sedici2003/sedici2003-web/src/main/java/ar/edu/unlp/sedici/sedici2003/web/DsiNotificacionController.java
/home/ariel/development/workspace-j2ee-4/dspace-sedici/sedici2003/sedici2003-web/src/main/java/ar/edu/unlp/sedici/sedici2003/web/IpWebserviceController.java
/home/ariel/development/workspace-j2ee-4/dspace-sedici/sedici2003/sedici2003-web/src/main/java/ar/edu/unlp/sedici/sedici2003/web/DsiRelTesauroController_Roo_Controller.aj
/home/ariel/development/workspace-j2ee-4/dspace-sedici/sedici2003/sedici2003-web/src/main/java/ar/edu/unlp/sedici/sedici2003/web/PartesController.java
/home/ariel/development/workspace-j2ee-4/dspace-sedici/sedici2003/sedici2003-web/src/main/java/ar/edu/unlp/sedici/sedici2003/web/ElementosTablaController_Roo_Controller.aj
/home/ariel/development/workspace-j2ee-4/dspace-sedici/sedici2003/sedici2003-web/src/main/java/ar/edu/unlp/sedici/sedici2003/web/RelacionMetaTipodocController.java
/home/ariel/development/workspace-j2ee-4/dspace-sedici/sedici2003/sedici2003-web/src/main/java/ar/edu/unlp/sedici/sedici2003/web/MailController.java
/home/ariel/development/workspace-j2ee-4/dspace-sedici/sedici2003/sedici2003-web/src/main/java/ar/edu/unlp/sedici/sedici2003/web/CarpetasDocumentosController_Roo_Controller.aj
/home/ariel/development/workspace-j2ee-4/dspace-sedici/sedici2003/sedici2003-web/src/main/java/ar/edu/unlp/sedici/sedici2003/web/CarpetasDocumentosController.java
/home/ariel/development/workspace-j2ee-4/dspace-sedici/sedici2003/sedici2003-web/src/main/java/ar/edu/unlp/sedici/sedici2003/web/UnidadesController.java
/home/ariel/development/workspace-j2ee-4/dspace-sedici/sedici2003/sedici2003-web/src/main/java/ar/edu/unlp/sedici/sedici2003/web/IpDownloadsController.java
/home/ariel/development/workspace-j2ee-4/dspace-sedici/sedici2003/sedici2003-web/src/main/java/ar/edu/unlp/sedici/sedici2003/web/DsiRelIdiomaDocController.java
/home/ariel/development/workspace-j2ee-4/dspace-sedici/sedici2003/sedici2003-web/src/main/java/ar/edu/unlp/sedici/sedici2003/web/ProductosController.java
/home/ariel/development/workspace-j2ee-4/dspace-sedici/sedici2003/sedici2003-web/src/main/java/ar/edu/unlp/sedici/sedici2003/web/IpOaiController_Roo_Controller.aj
/home/ariel/development/workspace-j2ee-4/dspace-sedici/sedici2003/sedici2003-web/src/main/java/ar/edu/unlp/sedici/sedici2003/web/MismensajesController.java
/home/ariel/development/workspace-j2ee-4/dspace-sedici/sedici2003/sedici2003-web/src/main/java/ar/edu/unlp/sedici/sedici2003/web/TipoDeDocumentoController.java
/home/ariel/development/workspace-j2ee-4/dspace-sedici/sedici2003/sedici2003-web/src/main/java/ar/edu/unlp/sedici/sedici2003/web/TesaurosRelacionesController_Roo_Controller.aj
/home/ariel/development/workspace-j2ee-4/dspace-sedici/sedici2003/sedici2003-web/src/main/java/ar/edu/unlp/sedici/sedici2003/web/CategoriaLinksController.java
/home/ariel/development/workspace-j2ee-4/dspace-sedici/sedici2003/sedici2003-web/src/main/java/ar/edu/unlp/sedici/sedici2003/web/HistoricoBusquedasController.java
/home/ariel/development/workspace-j2ee-4/dspace-sedici/sedici2003/sedici2003-web/src/main/java/ar/edu/unlp/sedici/sedici2003/web/TipoDeMetadatosController_Roo_Controller.aj
/home/ariel/development/workspace-j2ee-4/dspace-sedici/sedici2003/sedici2003-web/src/main/java/ar/edu/unlp/sedici/sedici2003/web/TipoDeTablaController.java
/home/ariel/development/workspace-j2ee-4/dspace-sedici/sedici2003/sedici2003-web/src/main/java/ar/edu/unlp/sedici/sedici2003/web/DsiEmailLogController_Roo_Controller.aj
/home/ariel/development/workspace-j2ee-4/dspace-sedici/sedici2003/sedici2003-web/src/main/java/ar/edu/unlp/sedici/sedici2003/web/CarpetasController.java
/home/ariel/development/workspace-j2ee-4/dspace-sedici/sedici2003/sedici2003-web/src/main/java/ar/edu/unlp/sedici/sedici2003/web/TipoDeTablaController_Roo_Controller.aj
/home/ariel/development/workspace-j2ee-4/dspace-sedici/sedici2003/sedici2003-web/src/main/java/ar/edu/unlp/sedici/sedici2003/web/InstitucionesController_Roo_Controller.aj
/home/ariel/development/workspace-j2ee-4/dspace-sedici/sedici2003/sedici2003-web/src/main/java/ar/edu/unlp/sedici/sedici2003/web/CategoriaLinksController_Roo_Controller.aj
/home/ariel/development/workspace-j2ee-4/dspace-sedici/sedici2003/sedici2003-web/src/main/java/ar/edu/unlp/sedici/sedici2003/web/IpOaiController.java
/home/ariel/development/workspace-j2ee-4/dspace-sedici/sedici2003/sedici2003-web/src/main/java/ar/edu/unlp/sedici/sedici2003/web/IpLoginController_Roo_Controller.aj
/home/ariel/development/workspace-j2ee-4/dspace-sedici/sedici2003/sedici2003-web/src/main/java/ar/edu/unlp/sedici/sedici2003/web/AbreviaturaPaisController.java
/home/ariel/development/workspace-j2ee-4/dspace-sedici/sedici2003/sedici2003-web/src/main/java/ar/edu/unlp/sedici/sedici2003/web/DependenciasController.java
/home/ariel/development/workspace-j2ee-4/dspace-sedici/sedici2003/sedici2003-web/src/main/java/ar/edu/unlp/sedici/sedici2003/web/TesaurosCategController.java
/home/ariel/development/workspace-j2ee-4/dspace-sedici/sedici2003/sedici2003-web/src/main/java/ar/edu/unlp/sedici/sedici2003/web/MetadatosPartesController.java
/home/ariel/development/workspace-j2ee-4/dspace-sedici/sedici2003/sedici2003-web/src/main/java/ar/edu/unlp/sedici/sedici2003/web/TipoDocumentoController.java
/home/ariel/development/workspace-j2ee-4/dspace-sedici/sedici2003/sedici2003-web/src/main/java/ar/edu/unlp/sedici/sedici2003/web/SequenceController_Roo_Controller.aj
/home/ariel/development/workspace-j2ee-4/dspace-sedici/sedici2003/sedici2003-web/src/main/java/ar/edu/unlp/sedici/sedici2003/web/TipoRelacionTesauroController_Roo_Controller.aj
/home/ariel/development/workspace-j2ee-4/dspace-sedici/sedici2003/sedici2003-web/src/main/java/ar/edu/unlp/sedici/sedici2003/web/AbreviaturaPaisController_Roo_Controller.aj
/home/ariel/development/workspace-j2ee-4/dspace-sedici/sedici2003/sedici2003-web/src/main/java/ar/edu/unlp/sedici/sedici2003/web/EstadoController.java
/home/ariel/development/workspace-j2ee-4/dspace-sedici/sedici2003/sedici2003-web/src/main/java/ar/edu/unlp/sedici/sedici2003/web/MetadatosPartesController_Roo_Controller.aj
/home/ariel/development/workspace-j2ee-4/dspace-sedici/sedici2003/sedici2003-web/src/main/java/ar/edu/unlp/sedici/sedici2003/web/PaisesController.java
/home/ariel/development/workspace-j2ee-4/dspace-sedici/sedici2003/sedici2003-web/src/main/java/ar/edu/unlp/sedici/sedici2003/web/TipoDeMetadatosController.java
/home/ariel/development/workspace-j2ee-4/dspace-sedici/sedici2003/sedici2003-web/src/main/java/ar/edu/unlp/sedici/sedici2003/web/JerarquiasCategController_Roo_Controller.aj
/home/ariel/development/workspace-j2ee-4/dspace-sedici/sedici2003/sedici2003-web/src/main/java/ar/edu/unlp/sedici/sedici2003/web/TipoRelacionTesauroController.java
/home/ariel/development/workspace-j2ee-4/dspace-sedici/sedici2003/sedici2003-web/src/main/java/ar/edu/unlp/sedici/sedici2003/web/ThemeController_Roo_Controller.aj
/home/ariel/development/workspace-j2ee-4/dspace-sedici/sedici2003/sedici2003-web/src/main/java/ar/edu/unlp/sedici/sedici2003/web/IpController_Roo_Controller.aj
/home/ariel/development/workspace-j2ee-4/dspace-sedici/sedici2003/sedici2003-web/src/main/java/ar/edu/unlp/sedici/sedici2003/web/DublinCoreLinkController_Roo_Controller.aj
/home/ariel/development/workspace-j2ee-4/dspace-sedici/sedici2003/sedici2003-web/src/main/java/ar/edu/unlp/sedici/sedici2003/web/IpWebserviceController_Roo_Controller.aj
/home/ariel/development/workspace-j2ee-4/dspace-sedici/sedici2003/sedici2003-web/src/main/java/ar/edu/unlp/sedici/sedici2003/web/LoggController_Roo_Controller.aj
/home/ariel/development/workspace-j2ee-4/dspace-sedici/sedici2003/sedici2003-web/src/main/java/ar/edu/unlp/sedici/sedici2003/web/NoticiasController_Roo_Controller.aj
/home/ariel/development/workspace-j2ee-4/dspace-sedici/sedici2003/sedici2003-web/src/main/java/ar/edu/unlp/sedici/sedici2003/web/DsiPersonasPerfilController_Roo_Controller.aj
/home/ariel/development/workspace-j2ee-4/dspace-sedici/sedici2003/sedici2003-web/src/main/java/ar/edu/unlp/sedici/sedici2003/web/LinkController_Roo_Controller.aj
/home/ariel/development/workspace-j2ee-4/dspace-sedici/sedici2003/sedici2003-web/src/main/java/ar/edu/unlp/sedici/sedici2003/web/EstadoController_Roo_Controller.aj
/home/ariel/development/workspace-j2ee-4/dspace-sedici/sedici2003/sedici2003-web/src/main/java/ar/edu/unlp/sedici/sedici2003/web/DublinCoreController_Roo_Controller.aj
/home/ariel/development/workspace-j2ee-4/dspace-sedici/sedici2003/sedici2003-web/src/main/java/ar/edu/unlp/sedici/sedici2003/web/DependenciasController_Roo_Controller.aj
/home/ariel/development/workspace-j2ee-4/dspace-sedici/sedici2003/sedici2003-web/src/main/java/ar/edu/unlp/sedici/sedici2003/web/IpDownloadsController_Roo_Controller.aj
/home/ariel/development/workspace-j2ee-4/dspace-sedici/sedici2003/sedici2003-web/src/main/java/ar/edu/unlp/sedici/sedici2003/web/OrdenesMailController.java
/home/ariel/development/workspace-j2ee-4/dspace-sedici/sedici2003/sedici2003-web/src/main/java/ar/edu/unlp/sedici/sedici2003/web/TesaurosCategController_Roo_Controller.aj
/home/ariel/development/workspace-j2ee-4/dspace-sedici/sedici2003/sedici2003-web/src/main/java/ar/edu/unlp/sedici/sedici2003/web/DsiPeriodoController.java
/home/ariel/development/workspace-j2ee-4/dspace-sedici/sedici2003/sedici2003-web/src/main/java/ar/edu/unlp/sedici/sedici2003/web/TipoDeDocumentoController_Roo_Controller.aj
/home/ariel/development/workspace-j2ee-4/dspace-sedici/sedici2003/sedici2003-web/src/main/java/ar/edu/unlp/sedici/sedici2003/web/DsiPersonasPerfilController.java
/home/ariel/development/workspace-j2ee-4/dspace-sedici/sedici2003/sedici2003-web/src/main/java/ar/edu/unlp/sedici/sedici2003/web/DocumentosController.java
/home/ariel/development/workspace-j2ee-4/dspace-sedici/sedici2003/sedici2003-web/src/main/java/ar/edu/unlp/sedici/sedici2003/web/PendientesController.java
/home/ariel/development/workspace-j2ee-4/dspace-sedici/sedici2003/sedici2003-web/src/main/java/ar/edu/unlp/sedici/sedici2003/web/PlantillaCorreoController.java
/home/ariel/development/workspace-j2ee-4/dspace-sedici/sedici2003/sedici2003-web/src/main/java/ar/edu/unlp/sedici/sedici2003/web/DublinCoreController.java
/home/ariel/development/workspace-j2ee-4/dspace-sedici/sedici2003/sedici2003-web/src/main/java/ar/edu/unlp/sedici/sedici2003/web/DsiRelPaisDocController_Roo_Controller.aj
/home/ariel/development/workspace-j2ee-4/dspace-sedici/sedici2003/sedici2003-web/src/main/java/ar/edu/unlp/sedici/sedici2003/web/IpPaisesController_Roo_Controller.aj
/home/ariel/development/workspace-j2ee-4/dspace-sedici/sedici2003/sedici2003-web/src/main/java/ar/edu/unlp/sedici/sedici2003/web/DsiNotificacionController_Roo_Controller.aj
/home/ariel/development/workspace-j2ee-4/dspace-sedici/sedici2003/sedici2003-web/src/main/java/ar/edu/unlp/sedici/sedici2003/web/IpLoginController.java
/home/ariel/development/workspace-j2ee-4/dspace-sedici/sedici2003/sedici2003-web/src/main/java/ar/edu/unlp/sedici/sedici2003/web/IpPaisesController.java
/home/ariel/development/workspace-j2ee-4/dspace-sedici/sedici2003/sedici2003-web/src/main/java/ar/edu/unlp/sedici/sedici2003/web/JerarquiasCategController.java
/home/ariel/development/workspace-j2ee-4/dspace-sedici/sedici2003/sedici2003-web/src/main/java/ar/edu/unlp/sedici/sedici2003/web/MetadatosController_Roo_Controller.aj
/home/ariel/development/workspace-j2ee-4/dspace-sedici/sedici2003/sedici2003-web/src/main/java/ar/edu/unlp/sedici/sedici2003/web/UnidadesController_Roo_Controller.aj
/home/ariel/development/workspace-j2ee-4/dspace-sedici/sedici2003/sedici2003-web/src/main/java/ar/edu/unlp/sedici/sedici2003/web/ContactoController_Roo_Controller.aj
/home/ariel/development/workspace-j2ee-4/dspace-sedici/sedici2003/sedici2003-web/src/main/java/ar/edu/unlp/sedici/sedici2003/web/DsiRelTipoDocController_Roo_Controller.aj
/home/ariel/development/workspace-j2ee-4/dspace-sedici/sedici2003/sedici2003-web/src/main/java/ar/edu/unlp/sedici/sedici2003/web/LoggController.java
/home/ariel/development/workspace-j2ee-4/dspace-sedici/sedici2003/sedici2003-web/src/main/java/ar/edu/unlp/sedici/sedici2003/web/JerarquiasTerminoController_Roo_Controller.aj
/home/ariel/development/workspace-j2ee-4/dspace-sedici/sedici2003/sedici2003-web/src/main/java/ar/edu/unlp/sedici/sedici2003/web/ThemeController.java
/home/ariel/development/workspace-j2ee-4/dspace-sedici/sedici2003/sedici2003-web/src/main/java/ar/edu/unlp/sedici/sedici2003/web/PaisesController_Roo_Controller.aj
/home/ariel/development/workspace-j2ee-4/dspace-sedici/sedici2003/sedici2003-web/src/main/java/ar/edu/unlp/sedici/sedici2003/web/MensajesController_Roo_Controller.aj
/home/ariel/development/workspace-j2ee-4/dspace-sedici/sedici2003/sedici2003-web/src/main/java/ar/edu/unlp/sedici/sedici2003/web/DsiRelIdiomaDocController_Roo_Controller.aj
/home/ariel/development/workspace-j2ee-4/dspace-sedici/sedici2003/sedici2003-web/src/main/java/ar/edu/unlp/sedici/sedici2003/web/ApplicationConversionServiceFactoryBean_Roo_ConversionService.aj
/home/ariel/development/workspace-j2ee-4/dspace-sedici/sedici2003/sedici2003-web/src/main/java/ar/edu/unlp/sedici/sedici2003/web/MailController_Roo_Controller.aj
/home/ariel/development/workspace-j2ee-4/dspace-sedici/sedici2003/sedici2003-web/src/main/java/ar/edu/unlp/sedici/sedici2003/web/LinkController.java
/home/ariel/development/workspace-j2ee-4/dspace-sedici/sedici2003/sedici2003-web/src/main/java/ar/edu/unlp/sedici/sedici2003/web/DsiEmailLogController.java
